2018-05-24 03:30:39 +0000  Initial pipeline context: <IDEDistributionProcessingPipelineContext: 0x7f83d34c51a0; archive(resolved)='<IDEArchive: 0x7f83efb97500>', distributionTask(resolved)='2', distributionMethod(resolved)='<IDEDistributionMethodiOSAppStoreExport: 0x7f83ee2d6dc0>', team(resolved)='<IDEProvisioningBasicTeam: 0x7f83ec07a050; teamID='FS8QJJUWM7', teamName='jin peng tang'>'>
	Chain (11, self inclusive):
	<IDEDistributionProcessingPipelineContext: 0x7f83d34c51a0; archive = '<IDEArchive: 0x7f83efb97500>', distributionMethod='<IDEDistributionMethodiOSAppStoreExport: 0x7f83ee2d6dc0>', team='<IDEProvisioningBasicTeam: 0x7f83ec07a050; teamID='FS8QJJUWM7', teamName='jin peng tang'>'>
	<IDEDistributionProcessingPipelineContext: 0x7f83d383d140; archive = '<IDEArchive: 0x7f83efb97500>', distributionMethod='<IDEDistributionMethodiOSAppStoreExport: 0x7f83ee2d6dc0>', team='<IDEProvisioningBasicTeam: 0x7f83ec07a050; teamID='FS8QJJUWM7', teamName='jin peng tang'>'>
	<IDEDistributionContext: 0x7f83f1105800; archive = '<IDEArchive: 0x7f83efb97500>', distributionMethod='<IDEDistributionMethodiOSAppStoreExport: 0x7f83ee2d6dc0>', team='<IDEProvisioningBasicTeam: 0x7f83ec07a050; teamID='FS8QJJUWM7', teamName='jin peng tang'>'>
	<IDEDistributionContext: 0x7f83f0a563a0; archive = '<IDEArchive: 0x7f83efb97500>', distributionMethod='<IDEDistributionMethodiOSAppStoreExport: 0x7f83ee2d6dc0>', team='<IDEProvisioningBasicTeam: 0x7f83ec07a050; teamID='FS8QJJUWM7', teamName='jin peng tang'>'>
	<IDEDistributionContext: 0x7f83d3468d20; archive = '<IDEArchive: 0x7f83efb97500>', distributionMethod='<IDEDistributionMethodiOSAppStoreExport: 0x7f83ee2d6dc0>', team='<IDEProvisioningBasicTeam: 0x7f83ec07a050; teamID='FS8QJJUWM7', teamName='jin peng tang'>'>
	<IDEDistributionContext: 0x7f83f08bd480; archive = '<IDEArchive: 0x7f83efb97500>', distributionMethod='<IDEDistributionMethodiOSAppStoreExport: 0x7f83ee2d6dc0>', team='<IDEProvisioningBasicTeam: 0x7f83ec07a050; teamID='FS8QJJUWM7', teamName='jin peng tang'>'>
	<IDEDistributionContext: 0x7f83f27c8820; archive = '<IDEArchive: 0x7f83efb97500>', distributionMethod='<IDEDistributionMethodiOSAppStoreExport: 0x7f83ee2d6dc0>', team='<IDEProvisioningBasicTeam: 0x7f83ec07a050; teamID='FS8QJJUWM7', teamName='jin peng tang'>'>
	<IDEDistributionContext: 0x7f83f03d8be0; archive = '<IDEArchive: 0x7f83efb97500>', distributionMethod='<IDEDistributionMethodiOSAppStoreExport: 0x7f83ee2d6dc0>', team='<IDEProvisioningBasicTeam: 0x7f83ec07a050; teamID='FS8QJJUWM7', teamName='jin peng tang'>'>
	<IDEDistributionContext: 0x7f83f233b4f0; archive = '<IDEArchive: 0x7f83efb97500>', distributionMethod='<IDEDistributionMethodiOSAppStoreExport: 0x7f83ee2d6dc0>', team='<IDEProvisioningBasicTeam: 0x7f83ec07a050; teamID='FS8QJJUWM7', teamName='jin peng tang'>'>
	<IDEDistributionContext: 0x7f83f270b5e0; archive = '<IDEArchive: 0x7f83efb97500>', distributionMethod='<IDEDistributionMethodiOSAppStoreExport: 0x7f83ee2d6dc0>', team='(null)'>
	<IDEDistributionContext: 0x7f83efa23230; archive = '<IDEArchive: 0x7f83efb97500>', distributionMethod='(null)', team='(null)'>
</IDEDistributionProcessingPipelineContext: 0x7f83d34c51a0>
2018-05-24 03:30:39 +0000  Processing step: IDEDistributionCreateDestRootStep
2018-05-24 03:30:39 +0000  Processing step: IDEDistributionCopyItemStep
2018-05-24 03:30:39 +0000  Running /usr/bin/ditto '-V' '/Users/fangmo/Library/Developer/Xcode/Archives/2018-05-24/VECT 2018-5-24 上午11.30.xcarchive/Products/Applications/VECT.app' '/var/folders/gk/tn2kprkx0yzc5z3frdzqt7gc0000gn/T/XcodeDistPipeline.BEA/Root/Payload/VECT.app'
2018-05-24 03:30:39 +0000  >>> Copying /Users/fangmo/Library/Developer/Xcode/Archives/2018-05-24/VECT 2018-5-24 上午11.30.xcarchive/Products/Applications/VECT.app 
2018-05-24 03:30:39 +0000  copying file ./_CodeSignature/CodeResources ... 
2018-05-24 03:30:39 +0000  22504 bytes for ./_CodeSignature/CodeResources
copying file ./VECTbag.png ... 
2018-05-24 03:30:39 +0000  6678 bytes for ./VECTbag.png
copying file ./VECTinput.png ... 
2018-05-24 03:30:39 +0000  1076 bytes for ./VECTinput.png
copying file ./VECTqw.jpg ... 
2018-05-24 03:30:39 +0000  24704 bytes for ./VECTqw.jpg
copying file ./VECTsuo.png ... 
2018-05-24 03:30:39 +0000  750 bytes for ./VECTsuo.png
2018-05-24 03:30:39 +0000  copying file ./VECT-50-1.png ... 
2018-05-24 03:30:39 +0000  792 bytes for ./VECT-50-1.png
copying file ./VECTthaw.png ... 
2018-05-24 03:30:39 +0000  1050 bytes for ./VECTthaw.png
copying file ./VECT ... 
2018-05-24 03:30:39 +0000  6509728 bytes for ./VECT
2018-05-24 03:30:39 +0000  copying file ./MJRefresh.bundle/zh-Hans.lproj/Localizable.strings ... 
1194 bytes for ./MJRefresh.bundle/zh-Hans.lproj/Localizable.strings
copying file ./MJRefresh.bundle/en.lproj/Localizable.strings ... 
1372 bytes for ./MJRefresh.bundle/en.lproj/Localizable.strings
copying file ./MJRefresh.bundle/arrow@2x.png ... 
1033 bytes for ./MJRefresh.bundle/arrow@2x.png
copying file ./MJRefresh.bundle/zh-Hant.lproj/Localizable.strings ... 
773 bytes for ./MJRefresh.bundle/zh-Hant.lproj/Localizable.strings
copying file ./VECTmy.jpg ... 
49962 bytes for ./VECTmy.jpg
copying file ./AppIcon60x60@2x.png ... 
23795 bytes for ./AppIcon60x60@2x.png
copying file ./VECTnowinput.png ... 
3023 bytes for ./VECTnowinput.png
copying file ./VECThuangsuo.png ... 
750 bytes for ./VECThuangsuo.png
copying file ./WechatIMG20.png ... 
931 bytes for ./WechatIMG20.png
copying file ./VECTcap.png ... 
2018-05-24 03:30:39 +0000  927 bytes for ./VECTcap.png
copying file ./VECTliangye.png ... 
2018-05-24 03:30:39 +0000  1406 bytes for ./VECTliangye.png
2018-05-24 03:30:39 +0000  copying file ./WechatIMG19.png ... 
822 bytes for ./WechatIMG19.png
copying file ./VECToudetail.png ... 
547 bytes for ./VECToudetail.png
copying file ./VECTindetail.png ... 
582 bytes for ./VECTindetail.png
copying file ./VECT-51.png ... 
781 bytes for ./VECT-51.png
copying file ./VECTcat.png ... 
2018-05-24 03:30:39 +0000  198 bytes for ./VECTcat.png
copying file ./VECTpasswo.png ... 
2018-05-24 03:30:39 +0000  748 bytes for ./VECTpasswo.png
2018-05-24 03:30:39 +0000  copying file ./VECT-53.png ... 
2018-05-24 03:30:39 +0000  3290 bytes for ./VECT-53.png
copying file ./VECTphone.png ... 
2018-05-24 03:30:39 +0000  461 bytes for ./VECTphone.png
copying file ./VECTerweima.png ... 
2018-05-24 03:30:39 +0000  168 bytes for ./VECTerweima.png
2018-05-24 03:30:39 +0000  copying file ./Base.lproj/Main.storyboardc/UIViewController-BYZ-38-t0r.nib ... 
2018-05-24 03:30:39 +0000  916 bytes for ./Base.lproj/Main.storyboardc/UIViewController-BYZ-38-t0r.nib
copying file ./Base.lproj/Main.storyboardc/BYZ-38-t0r-view-8bC-Xf-vdC.nib ... 
2018-05-24 03:30:39 +0000  1136 bytes for ./Base.lproj/Main.storyboardc/BYZ-38-t0r-view-8bC-Xf-vdC.nib
2018-05-24 03:30:39 +0000  copying file ./Base.lproj/Main.storyboardc/Info.plist ... 
2018-05-24 03:30:39 +0000  258 bytes for ./Base.lproj/Main.storyboardc/Info.plist
2018-05-24 03:30:39 +0000  copying file ./Base.lproj/LaunchScreen.storyboardc/01J-lp-oVM-view-Ze5-6b-2t3.nib ... 
2018-05-24 03:30:39 +0000  1136 bytes for ./Base.lproj/LaunchScreen.storyboardc/01J-lp-oVM-view-Ze5-6b-2t3.nib
copying file ./Base.lproj/LaunchScreen.storyboardc/UIViewController-01J-lp-oVM.nib ... 
2018-05-24 03:30:39 +0000  832 bytes for ./Base.lproj/LaunchScreen.storyboardc/UIViewController-01J-lp-oVM.nib
2018-05-24 03:30:39 +0000  copying file ./Base.lproj/LaunchScreen.storyboardc/Info.plist ... 
2018-05-24 03:30:39 +0000  258 bytes for ./Base.lproj/LaunchScreen.storyboardc/Info.plist
2018-05-24 03:30:39 +0000  copying file ./VECT-52.png ... 
2018-05-24 03:30:39 +0000  913 bytes for ./VECT-52.png
2018-05-24 03:30:39 +0000  copying file ./WechatIMG16.png ... 
23750 bytes for ./WechatIMG16.png
copying file ./VECTpasswo@3x.png ... 
2018-05-24 03:30:39 +0000  4988 bytes for ./VECTpasswo@3x.png
copying file ./VECTkeyde.png ... 
2018-05-24 03:30:39 +0000  482 bytes for ./VECTkeyde.png
2018-05-24 03:30:39 +0000  copying file ./VECTregulardetail.png ... 
2018-05-24 03:30:39 +0000  464 bytes for ./VECTregulardetail.png
copying file ./VECTyc.png ... 
2018-05-24 03:30:39 +0000  482 bytes for ./VECTyc.png
copying file ./WechatIMG15.png ... 
2018-05-24 03:30:39 +0000  24223 bytes for ./WechatIMG15.png
2018-05-24 03:30:39 +0000  copying file ./VECTtuichu.png ... 
2018-05-24 03:30:39 +0000  923 bytes for ./VECTtuichu.png
copying file ./VECTpeople.png ... 
2018-05-24 03:30:39 +0000  721 bytes for ./VECTpeople.png
copying file ./Assets.car ... 
2018-05-24 03:30:39 +0000  118616 bytes for ./Assets.car
2018-05-24 03:30:39 +0000  copying file ./VECTlogol.png ... 
2018-05-24 03:30:39 +0000  1994 bytes for ./VECTlogol.png
copying file ./WechatIMG14.png ... 
2018-05-24 03:30:39 +0000  27616 bytes for ./WechatIMG14.png
copying file ./VECTbag@2x.png ... 
2018-05-24 03:30:39 +0000  3877 bytes for ./VECTbag@2x.png
copying file ./VECTbag@3x.png ... 
2018-05-24 03:30:39 +0000  25573 bytes for ./VECTbag@3x.png
copying file ./VECTbluecap.png ... 
2018-05-24 03:30:39 +0000  1000 bytes for ./VECTbluecap.png
copying file ./VECTearningsdetail.png ... 
2018-05-24 03:30:39 +0000  702 bytes for ./VECTearningsdetail.png
copying file ./VECTregular.png ... 
2018-05-24 03:30:39 +0000  917 bytes for ./VECTregular.png
2018-05-24 03:30:39 +0000  copying file ./VECTpasswo@2x.png ... 
2018-05-24 03:30:39 +0000  439 bytes for ./VECTpasswo@2x.png
copying file ./VECT-28.png ... 
2018-05-24 03:30:39 +0000  155 bytes for ./VECT-28.png
2018-05-24 03:30:39 +0000  copying file ./VECTnameph@3x.png ... 
4954 bytes for ./VECTnameph@3x.png
copying file ./VECToutput.png ... 
2018-05-24 03:30:39 +0000  1039 bytes for ./VECToutput.png
copying file ./VECTemail.png ... 
2018-05-24 03:30:39 +0000  438 bytes for ./VECTemail.png
2018-05-24 03:30:39 +0000  copying file ./VECTthawdetail.png ... 
2018-05-24 03:30:39 +0000  767 bytes for ./VECTthawdetail.png
copying file ./VECTyaoshi.jpg ... 
2018-05-24 03:30:39 +0000  31709 bytes for ./VECTyaoshi.jpg
copying file ./VECTshenfen.png ... 
2018-05-24 03:30:39 +0000  371 bytes for ./VECTshenfen.png
2018-05-24 03:30:39 +0000  copying file ./embedded.mobileprovision ... 
2018-05-24 03:30:39 +0000  7614 bytes for ./embedded.mobileprovision
2018-05-24 03:30:39 +0000  copying file ./VECT-06.png ... 
2018-05-24 03:30:39 +0000  368 bytes for ./VECT-06.png
2018-05-24 03:30:39 +0000  copying file ./VECTpfs.png ... 
2018-05-24 03:30:39 +0000  13026 bytes for ./VECTpfs.png
2018-05-24 03:30:39 +0000  copying file ./vextdsa.jpg ... 
2018-05-24 03:30:39 +0000  101930 bytes for ./vextdsa.jpg
copying file ./vectfs.jpg ... 
2018-05-24 03:30:39 +0000  70645 bytes for ./vectfs.jpg
2018-05-24 03:30:39 +0000  copying file ./Info.plist ... 
2018-05-24 03:30:39 +0000  1591 bytes for ./Info.plist
copying file ./VECT-05.png ... 
2018-05-24 03:30:39 +0000  282 bytes for ./VECT-05.png
copying file ./VECTearnings.png ... 
2018-05-24 03:30:39 +0000  1049 bytes for ./VECTearnings.png
copying file ./VECTnameph.png ... 
2018-05-24 03:30:39 +0000  697 bytes for ./VECTnameph.png
copying file ./PkgInfo ... 
2018-05-24 03:30:39 +0000  8 bytes for ./PkgInfo
2018-05-24 03:30:39 +0000  copying file ./VECTnameph@2x.png ... 
2018-05-24 03:30:39 +0000  610 bytes for ./VECTnameph@2x.png
copying file ./VECT-04.png ... 
2018-05-24 03:30:39 +0000  301 bytes for ./VECT-04.png
2018-05-24 03:30:39 +0000  2018-05-24 03:30:39 +0000  

2018-05-24 03:30:39 +0000  /usr/bin/ditto exited with 0
2018-05-24 03:30:39 +0000  2018-05-24 03:30:39 +0000  

2018-05-24 03:30:39 +0000  Processing step: IDEDistributionEmbedProfileStep
2018-05-24 03:30:39 +0000  Processing step: IDEDistributionItemRemovalStep
2018-05-24 03:30:39 +0000  Processing step: IDEDistributionAppThinningPlistStep
2018-05-24 03:30:39 +0000  Skipping step: IDEDistributionAppThinningPlistStep because it said so
2018-05-24 03:30:39 +0000  Processing step: IDEDistributionCompileBitcodeStep
2018-05-24 03:30:39 +0000  Skipping step: IDEDistributionCompileBitcodeStep because it said so
2018-05-24 03:30:39 +0000  Processing step: IDEDistributionCodeSlimmingStep
2018-05-24 03:30:39 +0000  Processing step: IDEDistributionCopyBCSymbolMapsStep
2018-05-24 03:30:39 +0000  Running /usr/bin/ditto '-V' '/Users/fangmo/Library/Developer/Xcode/Archives/2018-05-24/VECT 2018-5-24 上午11.30.xcarchive/BCSymbolMaps/BD7E8921-BC07-35C7-8170-22C269C4362F.bcsymbolmap' '/var/folders/gk/tn2kprkx0yzc5z3frdzqt7gc0000gn/T/XcodeDistPipeline.BEA/Root/BCSymbolMaps/BD7E8921-BC07-35C7-8170-22C269C4362F.bcsymbolmap'
2018-05-24 03:30:39 +0000  >>> Copying /Users/fangmo/Library/Developer/Xcode/Archives/2018-05-24/VECT 2018-5-24 上午11.30.xcarchive/BCSymbolMaps/BD7E8921-BC07-35C7-8170-22C269C4362F.bcsymbolmap 
2018-05-24 03:30:39 +0000  copying file ./BD7E8921-BC07-35C7-8170-22C269C4362F.bcsymbolmap ... 
2018-05-24 03:30:39 +0000  208109 bytes for ./BD7E8921-BC07-35C7-8170-22C269C4362F.bcsymbolmap
2018-05-24 03:30:39 +0000  2018-05-24 03:30:39 +0000  /usr/bin/ditto exited with 0

2018-05-24 03:30:39 +0000  
2018-05-24 03:30:39 +0000  Processing step: IDEDistributionSymbolsStep
2018-05-24 03:30:39 +0000  Excluding symbols for VECT.app
2018-05-24 03:30:39 +0000  Processing step: IDEDistributionCopyAppleProvidedContentStep
2018-05-24 03:30:39 +0000  Processing step: IDEDistributionAppThinningStep
2018-05-24 03:30:39 +0000  Skipping step: IDEDistributionAppThinningStep because it said so
2018-05-24 03:30:39 +0000  Processing step: IDEDistributionODRStep
2018-05-24 03:30:39 +0000  Processing step: IDEDistributionStripXattrsStep
2018-05-24 03:30:39 +0000  Running /usr/bin/xattr '-crs' '/var/folders/gk/tn2kprkx0yzc5z3frdzqt7gc0000gn/T/XcodeDistPipeline.BEA/Root/Payload/VECT.app'
2018-05-24 03:30:40 +0000  2018-05-24 03:30:40 +0000  

2018-05-24 03:30:40 +0000  /usr/bin/xattr exited with 0
2018-05-24 03:30:40 +0000  2018-05-24 03:30:40 +0000  

2018-05-24 03:30:40 +0000  Processing step: IDEDistributionCodesignStep
2018-05-24 03:30:40 +0000  Entitlements for <IDEDistributionItem: 0x7f83f27e6490 'com.fangmo.Vect' '<DVTFilePath:0x7f83f1080710:'/Users/fangmo/Library/Developer/Xcode/Archives/2018-05-24/VECT 2018-5-24 上午11.30.xcarchive/Products/Applications/VECT.app'>'>: {
    "application-identifier" = "FS8QJJUWM7.com.fangmo.Vect";
    "beta-reports-active" = 1;
    "com.apple.developer.team-identifier" = FS8QJJUWM7;
    "get-task-allow" = 0;
    "keychain-access-groups" =     (
        "FS8QJJUWM7.com.fangmo.Vect"
    );
}
2018-05-24 03:30:40 +0000  Writing entitlements for <IDEDistributionItem: 0x7f83f27e6490 'com.fangmo.Vect' '<DVTFilePath:0x7f83f1080710:'/Users/fangmo/Library/Developer/Xcode/Archives/2018-05-24/VECT 2018-5-24 上午11.30.xcarchive/Products/Applications/VECT.app'>'> to: /var/folders/gk/tn2kprkx0yzc5z3frdzqt7gc0000gn/T/XcodeDistPipeline.BEA/entitlementsv2iVCh
2018-05-24 03:30:40 +0000  Running /usr/bin/codesign '-vvv' '--force' '--sign' 'E65C2EDD133247698F28F129627A45529E9B01D0' '--preserve-metadata=identifier,flags' '--entitlements' '/var/folders/gk/tn2kprkx0yzc5z3frdzqt7gc0000gn/T/XcodeDistPipeline.BEA/entitlementsv2iVCh' '/var/folders/gk/tn2kprkx0yzc5z3frdzqt7gc0000gn/T/XcodeDistPipeline.BEA/Root/Payload/VECT.app'
2018-05-24 03:30:40 +0000  /var/folders/gk/tn2kprkx0yzc5z3frdzqt7gc0000gn/T/XcodeDistPipeline.BEA/Root/Payload/VECT.app: signed app bundle with Mach-O thin (arm64) [com.fangmo.Vect]
2018-05-24 03:30:40 +0000  2018-05-24 03:30:40 +0000  

2018-05-24 03:30:40 +0000  /usr/bin/codesign exited with 0
2018-05-24 03:30:40 +0000  2018-05-24 03:30:40 +0000  

2018-05-24 03:30:40 +0000  Processing step: IDEDistributionStreamingZipItemStep
2018-05-24 03:30:40 +0000  Skipping step: IDEDistributionStreamingZipItemStep because it said so
2018-05-24 03:30:40 +0000  Processing step: IDEDistributionCreateIPAStep
2018-05-24 03:30:40 +0000  Running /usr/bin/ditto '-V' '-c' '-k' '--norsrc' '/var/folders/gk/tn2kprkx0yzc5z3frdzqt7gc0000gn/T/XcodeDistPipeline.BEA/Root' '/var/folders/gk/tn2kprkx0yzc5z3frdzqt7gc0000gn/T/XcodeDistPipeline.BEA/Packages/VECT.ipa'
2018-05-24 03:30:40 +0000  >>> Copying /var/folders/gk/tn2kprkx0yzc5z3frdzqt7gc0000gn/T/XcodeDistPipeline.BEA/Root 
2018-05-24 03:30:40 +0000  copying file ./BCSymbolMaps/BD7E8921-BC07-35C7-8170-22C269C4362F.bcsymbolmap ... 
2018-05-24 03:30:40 +0000  208109 bytes for ./BCSymbolMaps/BD7E8921-BC07-35C7-8170-22C269C4362F.bcsymbolmap
2018-05-24 03:30:40 +0000  copying file ./Payload/VECT.app/_CodeSignature/CodeResources ... 
22504 bytes for ./Payload/VECT.app/_CodeSignature/CodeResources
copying file ./Payload/VECT.app/VECTbag.png ... 
6678 bytes for ./Payload/VECT.app/VECTbag.png
copying file ./Payload/VECT.app/VECTinput.png ... 
2018-05-24 03:30:40 +0000  1076 bytes for ./Payload/VECT.app/VECTinput.png
copying file ./Payload/VECT.app/VECTqw.jpg ... 
2018-05-24 03:30:40 +0000  24704 bytes for ./Payload/VECT.app/VECTqw.jpg
copying file ./Payload/VECT.app/VECTsuo.png ... 
2018-05-24 03:30:40 +0000  750 bytes for ./Payload/VECT.app/VECTsuo.png
copying file ./Payload/VECT.app/VECT-50-1.png ... 
792 bytes for ./Payload/VECT.app/VECT-50-1.png
copying file ./Payload/VECT.app/VECTthaw.png ... 
1050 bytes for ./Payload/VECT.app/VECTthaw.png
copying file ./Payload/VECT.app/VECT ... 
2018-05-24 03:30:40 +0000  5460416 bytes for ./Payload/VECT.app/VECT
2018-05-24 03:30:40 +0000  copying file ./Payload/VECT.app/MJRefresh.bundle/zh-Hans.lproj/Localizable.strings ... 
1194 bytes for ./Payload/VECT.app/MJRefresh.bundle/zh-Hans.lproj/Localizable.strings
copying file ./Payload/VECT.app/MJRefresh.bundle/en.lproj/Localizable.strings ... 
1372 bytes for ./Payload/VECT.app/MJRefresh.bundle/en.lproj/Localizable.strings
copying file ./Payload/VECT.app/MJRefresh.bundle/arrow@2x.png ... 
2018-05-24 03:30:40 +0000  1033 bytes for ./Payload/VECT.app/MJRefresh.bundle/arrow@2x.png
copying file ./Payload/VECT.app/MJRefresh.bundle/zh-Hant.lproj/Localizable.strings ... 
2018-05-24 03:30:40 +0000  773 bytes for ./Payload/VECT.app/MJRefresh.bundle/zh-Hant.lproj/Localizable.strings
copying file ./Payload/VECT.app/VECTmy.jpg ... 
2018-05-24 03:30:40 +0000  49962 bytes for ./Payload/VECT.app/VECTmy.jpg
copying file ./Payload/VECT.app/AppIcon60x60@2x.png ... 
2018-05-24 03:30:40 +0000  23795 bytes for ./Payload/VECT.app/AppIcon60x60@2x.png
copying file ./Payload/VECT.app/VECTnowinput.png ... 
3023 bytes for ./Payload/VECT.app/VECTnowinput.png
copying file ./Payload/VECT.app/VECThuangsuo.png ... 
750 bytes for ./Payload/VECT.app/VECThuangsuo.png
copying file ./Payload/VECT.app/WechatIMG20.png ... 
931 bytes for ./Payload/VECT.app/WechatIMG20.png
copying file ./Payload/VECT.app/VECTcap.png ... 
2018-05-24 03:30:40 +0000  927 bytes for ./Payload/VECT.app/VECTcap.png
copying file ./Payload/VECT.app/VECTliangye.png ... 
2018-05-24 03:30:40 +0000  1406 bytes for ./Payload/VECT.app/VECTliangye.png
copying file ./Payload/VECT.app/WechatIMG19.png ... 
2018-05-24 03:30:40 +0000  822 bytes for ./Payload/VECT.app/WechatIMG19.png
2018-05-24 03:30:40 +0000  copying file ./Payload/VECT.app/VECToudetail.png ... 
2018-05-24 03:30:40 +0000  547 bytes for ./Payload/VECT.app/VECToudetail.png
copying file ./Payload/VECT.app/VECTindetail.png ... 
2018-05-24 03:30:40 +0000  582 bytes for ./Payload/VECT.app/VECTindetail.png
copying file ./Payload/VECT.app/VECT-51.png ... 
2018-05-24 03:30:40 +0000  781 bytes for ./Payload/VECT.app/VECT-51.png
copying file ./Payload/VECT.app/VECTcat.png ... 
2018-05-24 03:30:40 +0000  198 bytes for ./Payload/VECT.app/VECTcat.png
copying file ./Payload/VECT.app/VECTpasswo.png ... 
2018-05-24 03:30:40 +0000  748 bytes for ./Payload/VECT.app/VECTpasswo.png
copying file ./Payload/VECT.app/VECT-53.png ... 
2018-05-24 03:30:40 +0000  3290 bytes for ./Payload/VECT.app/VECT-53.png
2018-05-24 03:30:40 +0000  copying file ./Payload/VECT.app/VECTphone.png ... 
2018-05-24 03:30:40 +0000  461 bytes for ./Payload/VECT.app/VECTphone.png
copying file ./Payload/VECT.app/VECTerweima.png ... 
2018-05-24 03:30:40 +0000  168 bytes for ./Payload/VECT.app/VECTerweima.png
2018-05-24 03:30:40 +0000  copying file ./Payload/VECT.app/Base.lproj/Main.storyboardc/UIViewController-BYZ-38-t0r.nib ... 
2018-05-24 03:30:40 +0000  916 bytes for ./Payload/VECT.app/Base.lproj/Main.storyboardc/UIViewController-BYZ-38-t0r.nib
copying file ./Payload/VECT.app/Base.lproj/Main.storyboardc/BYZ-38-t0r-view-8bC-Xf-vdC.nib ... 
2018-05-24 03:30:40 +0000  1136 bytes for ./Payload/VECT.app/Base.lproj/Main.storyboardc/BYZ-38-t0r-view-8bC-Xf-vdC.nib
copying file ./Payload/VECT.app/Base.lproj/Main.storyboardc/Info.plist ... 
2018-05-24 03:30:40 +0000  258 bytes for ./Payload/VECT.app/Base.lproj/Main.storyboardc/Info.plist
copying file ./Payload/VECT.app/Base.lproj/LaunchScreen.storyboardc/01J-lp-oVM-view-Ze5-6b-2t3.nib ... 
2018-05-24 03:30:40 +0000  1136 bytes for ./Payload/VECT.app/Base.lproj/LaunchScreen.storyboardc/01J-lp-oVM-view-Ze5-6b-2t3.nib
2018-05-24 03:30:40 +0000  copying file ./Payload/VECT.app/Base.lproj/LaunchScreen.storyboardc/UIViewController-01J-lp-oVM.nib ... 
2018-05-24 03:30:40 +0000  832 bytes for ./Payload/VECT.app/Base.lproj/LaunchScreen.storyboardc/UIViewController-01J-lp-oVM.nib
copying file ./Payload/VECT.app/Base.lproj/LaunchScreen.storyboardc/Info.plist ... 
2018-05-24 03:30:40 +0000  258 bytes for ./Payload/VECT.app/Base.lproj/LaunchScreen.storyboardc/Info.plist
copying file ./Payload/VECT.app/VECT-52.png ... 
2018-05-24 03:30:40 +0000  913 bytes for ./Payload/VECT.app/VECT-52.png
2018-05-24 03:30:40 +0000  copying file ./Payload/VECT.app/WechatIMG16.png ... 
2018-05-24 03:30:40 +0000  23750 bytes for ./Payload/VECT.app/WechatIMG16.png
copying file ./Payload/VECT.app/VECTpasswo@3x.png ... 
2018-05-24 03:30:40 +0000  4988 bytes for ./Payload/VECT.app/VECTpasswo@3x.png
copying file ./Payload/VECT.app/VECTkeyde.png ... 
482 bytes for ./Payload/VECT.app/VECTkeyde.png
copying file ./Payload/VECT.app/VECTregulardetail.png ... 
464 bytes for ./Payload/VECT.app/VECTregulardetail.png
copying file ./Payload/VECT.app/VECTyc.png ... 
482 bytes for ./Payload/VECT.app/VECTyc.png
copying file ./Payload/VECT.app/WechatIMG15.png ... 
2018-05-24 03:30:40 +0000  24223 bytes for ./Payload/VECT.app/WechatIMG15.png
copying file ./Payload/VECT.app/VECTtuichu.png ... 
2018-05-24 03:30:40 +0000  923 bytes for ./Payload/VECT.app/VECTtuichu.png
copying file ./Payload/VECT.app/VECTpeople.png ... 
721 bytes for ./Payload/VECT.app/VECTpeople.png
copying file ./Payload/VECT.app/Assets.car ... 
2018-05-24 03:30:40 +0000  118616 bytes for ./Payload/VECT.app/Assets.car
copying file ./Payload/VECT.app/VECTlogol.png ... 
2018-05-24 03:30:40 +0000  1994 bytes for ./Payload/VECT.app/VECTlogol.png
copying file ./Payload/VECT.app/WechatIMG14.png ... 
2018-05-24 03:30:40 +0000  27616 bytes for ./Payload/VECT.app/WechatIMG14.png
copying file ./Payload/VECT.app/VECTbag@2x.png ... 
2018-05-24 03:30:40 +0000  3877 bytes for ./Payload/VECT.app/VECTbag@2x.png
copying file ./Payload/VECT.app/VECTbag@3x.png ... 
2018-05-24 03:30:40 +0000  25573 bytes for ./Payload/VECT.app/VECTbag@3x.png
copying file ./Payload/VECT.app/VECTbluecap.png ... 
2018-05-24 03:30:40 +0000  1000 bytes for ./Payload/VECT.app/VECTbluecap.png
copying file ./Payload/VECT.app/VECTearningsdetail.png ... 
702 bytes for ./Payload/VECT.app/VECTearningsdetail.png
copying file ./Payload/VECT.app/VECTregular.png ... 
917 bytes for ./Payload/VECT.app/VECTregular.png
copying file ./Payload/VECT.app/VECTpasswo@2x.png ... 
439 bytes for ./Payload/VECT.app/VECTpasswo@2x.png
copying file ./Payload/VECT.app/VECT-28.png ... 
155 bytes for ./Payload/VECT.app/VECT-28.png
copying file ./Payload/VECT.app/VECTnameph@3x.png ... 
2018-05-24 03:30:40 +0000  4954 bytes for ./Payload/VECT.app/VECTnameph@3x.png
copying file ./Payload/VECT.app/VECToutput.png ... 
2018-05-24 03:30:40 +0000  1039 bytes for ./Payload/VECT.app/VECToutput.png
copying file ./Payload/VECT.app/VECTemail.png ... 
2018-05-24 03:30:40 +0000  438 bytes for ./Payload/VECT.app/VECTemail.png
copying file ./Payload/VECT.app/VECTthawdetail.png ... 
2018-05-24 03:30:40 +0000  767 bytes for ./Payload/VECT.app/VECTthawdetail.png
copying file ./Payload/VECT.app/VECTyaoshi.jpg ... 
2018-05-24 03:30:40 +0000  31709 bytes for ./Payload/VECT.app/VECTyaoshi.jpg
copying file ./Payload/VECT.app/VECTshenfen.png ... 
2018-05-24 03:30:40 +0000  371 bytes for ./Payload/VECT.app/VECTshenfen.png
copying file ./Payload/VECT.app/embedded.mobileprovision ... 
7589 bytes for ./Payload/VECT.app/embedded.mobileprovision
copying file ./Payload/VECT.app/VECT-06.png ... 
368 bytes for ./Payload/VECT.app/VECT-06.png
copying file ./Payload/VECT.app/VECTpfs.png ... 
2018-05-24 03:30:40 +0000  13026 bytes for ./Payload/VECT.app/VECTpfs.png
copying file ./Payload/VECT.app/vextdsa.jpg ... 
2018-05-24 03:30:40 +0000  101930 bytes for ./Payload/VECT.app/vextdsa.jpg
copying file ./Payload/VECT.app/vectfs.jpg ... 
2018-05-24 03:30:40 +0000  70645 bytes for ./Payload/VECT.app/vectfs.jpg
copying file ./Payload/VECT.app/Info.plist ... 
2018-05-24 03:30:40 +0000  1591 bytes for ./Payload/VECT.app/Info.plist
copying file ./Payload/VECT.app/VECT-05.png ... 
282 bytes for ./Payload/VECT.app/VECT-05.png
copying file ./Payload/VECT.app/VECTearnings.png ... 
1049 bytes for ./Payload/VECT.app/VECTearnings.png
copying file ./Payload/VECT.app/VECTnameph.png ... 
697 bytes for ./Payload/VECT.app/VECTnameph.png
copying file ./Payload/VECT.app/PkgInfo ... 
8 bytes for ./Payload/VECT.app/PkgInfo
copying file ./Payload/VECT.app/VECTnameph@2x.png ... 
610 bytes for ./Payload/VECT.app/VECTnameph@2x.png
copying file ./Payload/VECT.app/VECT-04.png ... 
2018-05-24 03:30:40 +0000  301 bytes for ./Payload/VECT.app/VECT-04.png
2018-05-24 03:30:40 +0000  
2018-05-24 03:30:40 +0000  2018-05-24 03:30:40 +0000  /usr/bin/ditto exited with 0

2018-05-24 03:30:40 +0000  
2018-05-24 03:30:40 +0000  Processing step: IDEDistributionCreateManifestStep
2018-05-24 03:30:40 +0000  Skipping step: IDEDistributionCreateManifestStep because it said so
