2018-07-12 07:31:05 +0000  Initial pipeline context: <IDEDistributionProcessingPipelineContext: 0x7fa33fd7d9e0; archive(resolved)='<IDEArchive: 0x7fa3426abc20>', distributionTask(resolved)='2', distributionMethod(resolved)='<IDEDistributionMethodiOSAppStoreExport: 0x7fa340bf84d0>', team(resolved)='<IDEProvisioningBasicTeam: 0x7fa3416a2d40; teamID='FS8QJJUWM7', teamName='jin peng tang'>'>
	Chain (11, self inclusive):
	<IDEDistributionProcessingPipelineContext: 0x7fa33fd7d9e0; archive = '<IDEArchive: 0x7fa3426abc20>', distributionMethod='<IDEDistributionMethodiOSAppStoreExport: 0x7fa340bf84d0>', team='<IDEProvisioningBasicTeam: 0x7fa3416a2d40; teamID='FS8QJJUWM7', teamName='jin peng tang'>'>
	<IDEDistributionProcessingPipelineContext: 0x7fa340d38190; archive = '<IDEArchive: 0x7fa3426abc20>', distributionMethod='<IDEDistributionMethodiOSAppStoreExport: 0x7fa340bf84d0>', team='<IDEProvisioningBasicTeam: 0x7fa3416a2d40; teamID='FS8QJJUWM7', teamName='jin peng tang'>'>
	<IDEDistributionContext: 0x7fa344432410; archive = '<IDEArchive: 0x7fa3426abc20>', distributionMethod='<IDEDistributionMethodiOSAppStoreExport: 0x7fa340bf84d0>', team='<IDEProvisioningBasicTeam: 0x7fa3416a2d40; teamID='FS8QJJUWM7', teamName='jin peng tang'>'>
	<IDEDistributionContext: 0x7fa340f1ba20; archive = '<IDEArchive: 0x7fa3426abc20>', distributionMethod='<IDEDistributionMethodiOSAppStoreExport: 0x7fa340bf84d0>', team='<IDEProvisioningBasicTeam: 0x7fa3416a2d40; teamID='FS8QJJUWM7', teamName='jin peng tang'>'>
	<IDEDistributionContext: 0x7fa341fb2cd0; archive = '<IDEArchive: 0x7fa3426abc20>', distributionMethod='<IDEDistributionMethodiOSAppStoreExport: 0x7fa340bf84d0>', team='<IDEProvisioningBasicTeam: 0x7fa3416a2d40; teamID='FS8QJJUWM7', teamName='jin peng tang'>'>
	<IDEDistributionContext: 0x7fa34226a5a0; archive = '<IDEArchive: 0x7fa3426abc20>', distributionMethod='<IDEDistributionMethodiOSAppStoreExport: 0x7fa340bf84d0>', team='<IDEProvisioningBasicTeam: 0x7fa3416a2d40; teamID='FS8QJJUWM7', teamName='jin peng tang'>'>
	<IDEDistributionContext: 0x7fa35149b3c0; archive = '<IDEArchive: 0x7fa3426abc20>', distributionMethod='<IDEDistributionMethodiOSAppStoreExport: 0x7fa340bf84d0>', team='<IDEProvisioningBasicTeam: 0x7fa3416a2d40; teamID='FS8QJJUWM7', teamName='jin peng tang'>'>
	<IDEDistributionContext: 0x7fa3514ade50; archive = '<IDEArchive: 0x7fa3426abc20>', distributionMethod='<IDEDistributionMethodiOSAppStoreExport: 0x7fa340bf84d0>', team='<IDEProvisioningBasicTeam: 0x7fa3416a2d40; teamID='FS8QJJUWM7', teamName='jin peng tang'>'>
	<IDEDistributionContext: 0x7fa342281780; archive = '<IDEArchive: 0x7fa3426abc20>', distributionMethod='<IDEDistributionMethodiOSAppStoreExport: 0x7fa340bf84d0>', team='<IDEProvisioningBasicTeam: 0x7fa3416a2d40; teamID='FS8QJJUWM7', teamName='jin peng tang'>'>
	<IDEDistributionContext: 0x7fa353acbcb0; archive = '<IDEArchive: 0x7fa3426abc20>', distributionMethod='<IDEDistributionMethodiOSAppStoreExport: 0x7fa340bf84d0>', team='(null)'>
	<IDEDistributionContext: 0x7fa35136ffe0; archive = '<IDEArchive: 0x7fa3426abc20>', distributionMethod='(null)', team='(null)'>
</IDEDistributionProcessingPipelineContext: 0x7fa33fd7d9e0>
2018-07-12 07:31:05 +0000  Processing step: IDEDistributionCreateDestRootStep
2018-07-12 07:31:05 +0000  Processing step: IDEDistributionCopyItemStep
2018-07-12 07:31:05 +0000  Running /usr/bin/ditto '-V' '/Users/fangmo/Library/Developer/Xcode/Archives/2018-07-12/VECT 2018-7-12 下午3.30.xcarchive/Products/Applications/VECT.app' '/var/folders/gk/tn2kprkx0yzc5z3frdzqt7gc0000gn/T/XcodeDistPipeline.8qF/Root/Payload/VECT.app'
2018-07-12 07:31:05 +0000  >>> Copying /Users/fangmo/Library/Developer/Xcode/Archives/2018-07-12/VECT 2018-7-12 下午3.30.xcarchive/Products/Applications/VECT.app 
2018-07-12 07:31:05 +0000  copying file ./_CodeSignature/CodeResources ... 
2018-07-12 07:31:05 +0000  45936 bytes for ./_CodeSignature/CodeResources
2018-07-12 07:31:05 +0000  copying file ./VECTbag.png ... 
2018-07-12 07:31:05 +0000  6678 bytes for ./VECTbag.png
copying file ./WechatIMGd3@3x.png ... 
2018-07-12 07:31:05 +0000  72639 bytes for ./WechatIMGd3@3x.png
2018-07-12 07:31:05 +0000  copying file ./SGQRCodeFlashlightCloseImage.png ... 
2018-07-12 07:31:05 +0000  4434 bytes for ./SGQRCodeFlashlightCloseImage.png
copying file ./VECTlogol3.png ... 
2018-07-12 07:31:05 +0000  3239 bytes for ./VECTlogol3.png
2018-07-12 07:31:05 +0000  copying file ./LaunchImage-1100-Portrait-2436h@3x.png ... 
2018-07-12 07:31:05 +0000  787991 bytes for ./LaunchImage-1100-Portrait-2436h@3x.png
copying file ./VECTinput.png ... 
2018-07-12 07:31:05 +0000  1076 bytes for ./VECTinput.png
copying file ./set@2x.png ... 
2018-07-12 07:31:05 +0000  1235 bytes for ./set@2x.png
2018-07-12 07:31:05 +0000  copying file ./LCProgressHUD.bundle/hud_success@2x.png ... 
2018-07-12 07:31:05 +0000  1030 bytes for ./LCProgressHUD.bundle/hud_success@2x.png
copying file ./LCProgressHUD.bundle/hud_error.png ... 
2018-07-12 07:31:05 +0000  616 bytes for ./LCProgressHUD.bundle/hud_error.png
copying file ./LCProgressHUD.bundle/hud_success.png ... 
2018-07-12 07:31:05 +0000  569 bytes for ./LCProgressHUD.bundle/hud_success.png
2018-07-12 07:31:05 +0000  copying file ./LCProgressHUD.bundle/hud_info.png ... 
571 bytes for ./LCProgressHUD.bundle/hud_info.png
copying file ./LCProgressHUD.bundle/hud_info@2x.png ... 
1061 bytes for ./LCProgressHUD.bundle/hud_info@2x.png
copying file ./LCProgressHUD.bundle/hud_error@2x.png ... 
2018-07-12 07:31:05 +0000  1087 bytes for ./LCProgressHUD.bundle/hud_error@2x.png
2018-07-12 07:31:05 +0000  copying file ./AppIcon20x20@2x.png ... 
2018-07-12 07:31:05 +0000  19763 bytes for ./AppIcon20x20@2x.png
copying file ./scanning@2x.png ... 
2018-07-12 07:31:05 +0000  626 bytes for ./scanning@2x.png
2018-07-12 07:31:05 +0000  copying file ./VECTqw.jpg ... 
2018-07-12 07:31:05 +0000  24704 bytes for ./VECTqw.jpg
copying file ./VECTsuo.png ... 
2018-07-12 07:31:05 +0000  750 bytes for ./VECTsuo.png
2018-07-12 07:31:05 +0000  copying file ./SGQRCode.bundle/sound.caf ... 
2018-07-12 07:31:05 +0000  129556 bytes for ./SGQRCode.bundle/sound.caf
2018-07-12 07:31:05 +0000  copying file ./SGQRCode.bundle/en.lproj/Root.strings ... 
2018-07-12 07:31:05 +0000  546 bytes for ./SGQRCode.bundle/en.lproj/Root.strings
2018-07-12 07:31:05 +0000  copying file ./SGQRCode.bundle/Root.plist ... 
2018-07-12 07:31:05 +0000  1456 bytes for ./SGQRCode.bundle/Root.plist
2018-07-12 07:31:05 +0000  copying file ./SGQRCode.bundle/QRCodeScanningLine@3x.png ... 
3891 bytes for ./SGQRCode.bundle/QRCodeScanningLine@3x.png
copying file ./SGQRCode.bundle/QRCodeScanningLine@2x.png ... 
2231 bytes for ./SGQRCode.bundle/QRCodeScanningLine@2x.png
copying file ./VECT-50-1.png ... 
2018-07-12 07:31:05 +0000  792 bytes for ./VECT-50-1.png
copying file ./AppIcon20x20@3x.png ... 
2018-07-12 07:31:05 +0000  20673 bytes for ./AppIcon20x20@3x.png
copying file ./scanning@3x.png ... 
2018-07-12 07:31:05 +0000  800 bytes for ./scanning@3x.png
2018-07-12 07:31:05 +0000  copying file ./set@3x.png ... 
2018-07-12 07:31:05 +0000  1850 bytes for ./set@3x.png
2018-07-12 07:31:05 +0000  copying file ./dropdownMenu_cornerIcon.png ... 
2018-07-12 07:31:05 +0000  464 bytes for ./dropdownMenu_cornerIcon.png
2018-07-12 07:31:05 +0000  copying file ./VersionUpdate_Cancel.png ... 
2018-07-12 07:31:05 +0000  1142 bytes for ./VersionUpdate_Cancel.png
2018-07-12 07:31:05 +0000  copying file ./WechatIMGd3@2x.png ... 
2018-07-12 07:31:05 +0000  39333 bytes for ./WechatIMGd3@2x.png
copying file ./VECTthaw.png ... 
2018-07-12 07:31:05 +0000  1050 bytes for ./VECTthaw.png
2018-07-12 07:31:05 +0000  copying file ./GT3Captcha.bundle/zh-Hans.lproj/GT3Captcha.strings ... 
2018-07-12 07:31:05 +0000  379 bytes for ./GT3Captcha.bundle/zh-Hans.lproj/GT3Captcha.strings
2018-07-12 07:31:05 +0000  copying file ./GT3Captcha.bundle/ja.lproj/GT3Captcha.strings ... 
2018-07-12 07:31:05 +0000  666 bytes for ./GT3Captcha.bundle/ja.lproj/GT3Captcha.strings
2018-07-12 07:31:05 +0000  copying file ./GT3Captcha.bundle/en.lproj/GT3Captcha.strings ... 
2018-07-12 07:31:05 +0000  776 bytes for ./GT3Captcha.bundle/en.lproj/GT3Captcha.strings
2018-07-12 07:31:05 +0000  copying file ./GT3Captcha.bundle/resource.js ... 
2018-07-12 07:31:05 +0000  41368 bytes for ./GT3Captcha.bundle/resource.js
2018-07-12 07:31:05 +0000  copying file ./GT3Captcha.bundle/zh-Hant.lproj/GT3Captcha.strings ... 
2018-07-12 07:31:05 +0000  631 bytes for ./GT3Captcha.bundle/zh-Hant.lproj/GT3Captcha.strings
2018-07-12 07:31:05 +0000  copying file ./GT3Captcha.bundle/Assets.car ... 
2018-07-12 07:31:05 +0000  23192 bytes for ./GT3Captcha.bundle/Assets.car
2018-07-12 07:31:05 +0000  copying file ./GT3Captcha.bundle/id.lproj/GT3Captcha.strings ... 
2018-07-12 07:31:05 +0000  665 bytes for ./GT3Captcha.bundle/id.lproj/GT3Captcha.strings
2018-07-12 07:31:05 +0000  copying file ./GT3Captcha.bundle/Info.plist ... 
2018-07-12 07:31:05 +0000  818 bytes for ./GT3Captcha.bundle/Info.plist
2018-07-12 07:31:05 +0000  copying file ./VECT ... 
2018-07-12 07:31:05 +0000  3757392 bytes for ./VECT
2018-07-12 07:31:05 +0000  copying file ./MJRefresh.bundle/zh-Hans.lproj/Localizable.strings ... 
1194 bytes for ./MJRefresh.bundle/zh-Hans.lproj/Localizable.strings
copying file ./MJRefresh.bundle/en.lproj/Localizable.strings ... 
1372 bytes for ./MJRefresh.bundle/en.lproj/Localizable.strings
copying file ./MJRefresh.bundle/arrow@2x.png ... 
1033 bytes for ./MJRefresh.bundle/arrow@2x.png
copying file ./MJRefresh.bundle/zh-Hant.lproj/Localizable.strings ... 
773 bytes for ./MJRefresh.bundle/zh-Hant.lproj/Localizable.strings
copying file ./VECTmy.jpg ... 
2018-07-12 07:31:05 +0000  49962 bytes for ./VECTmy.jpg
copying file ./map_locate_blue@2x.png ... 
2018-07-12 07:31:05 +0000  2617 bytes for ./map_locate_blue@2x.png
copying file ./AppIcon60x60@2x.png ... 
2018-07-12 07:31:05 +0000  23795 bytes for ./AppIcon60x60@2x.png
2018-07-12 07:31:05 +0000  copying file ./VECTfound1@2x.png ... 
1399 bytes for ./VECTfound1@2x.png
copying file ./VersionUpdate_Icon@3x.png ... 
2018-07-12 07:31:05 +0000  24082 bytes for ./VersionUpdate_Icon@3x.png
copying file ./VECTnowinput.png ... 
2018-07-12 07:31:05 +0000  3023 bytes for ./VECTnowinput.png
2018-07-12 07:31:05 +0000  copying file ./VECThuangsuo.png ... 
750 bytes for ./VECThuangsuo.png
copying file ./AppIcon29x29@2x.png ... 
20550 bytes for ./AppIcon29x29@2x.png
copying file ./WechatIMG20.png ... 
931 bytes for ./WechatIMG20.png
copying file ./VECTcap.png ... 
2018-07-12 07:31:05 +0000  927 bytes for ./VECTcap.png
2018-07-12 07:31:05 +0000  copying file ./VECTlogol3@2x.png ... 
2018-07-12 07:31:05 +0000  8586 bytes for ./VECTlogol3@2x.png
copying file ./SGQRCodeFlashlightCloseImage@2x.png ... 
2018-07-12 07:31:05 +0000  6858 bytes for ./SGQRCodeFlashlightCloseImage@2x.png
copying file ./dropdownMenu_cornerIcon@3x.png ... 
2018-07-12 07:31:05 +0000  1139 bytes for ./dropdownMenu_cornerIcon@3x.png
2018-07-12 07:31:05 +0000  copying file ./VECTliangye.png ... 
2018-07-12 07:31:05 +0000  1406 bytes for ./VECTliangye.png
2018-07-12 07:31:05 +0000  copying file ./LaunchImage-800-667h@2x.png ... 
2018-07-12 07:31:05 +0000  402497 bytes for ./LaunchImage-800-667h@2x.png
2018-07-12 07:31:05 +0000  copying file ./VECT-05@2x.png ... 
2018-07-12 07:31:05 +0000  472 bytes for ./VECT-05@2x.png
2018-07-12 07:31:05 +0000  copying file ./AppIcon40x40@3x.png ... 
2018-07-12 07:31:05 +0000  23795 bytes for ./AppIcon40x40@3x.png
2018-07-12 07:31:05 +0000  copying file ./SGQRCodeFlashlightOpenImage@3x.png ... 
2018-07-12 07:31:05 +0000  23220 bytes for ./SGQRCodeFlashlightOpenImage@3x.png
copying file ./todress.png ... 
2018-07-12 07:31:05 +0000  1343 bytes for ./todress.png
copying file ./WechatIMG19.png ... 
2018-07-12 07:31:05 +0000  822 bytes for ./WechatIMG19.png
2018-07-12 07:31:05 +0000  copying file ./SGQRCodeFlashlightOpenImage@2x.png ... 
2018-07-12 07:31:05 +0000  5310 bytes for ./SGQRCodeFlashlightOpenImage@2x.png
copying file ./VECToudetail.png ... 
2018-07-12 07:31:05 +0000  547 bytes for ./VECToudetail.png
copying file ./VECT-05@3x.png ... 
2018-07-12 07:31:05 +0000  590 bytes for ./VECT-05@3x.png
2018-07-12 07:31:05 +0000  copying file ./AppIcon40x40@2x.png ... 
2018-07-12 07:31:05 +0000  21944 bytes for ./AppIcon40x40@2x.png
2018-07-12 07:31:05 +0000  copying file ./dropdownMenu_cornerIcon@2x.png ... 
2018-07-12 07:31:05 +0000  518 bytes for ./dropdownMenu_cornerIcon@2x.png
2018-07-12 07:31:05 +0000  copying file ./VECTindetail.png ... 
2018-07-12 07:31:05 +0000  582 bytes for ./VECTindetail.png
2018-07-12 07:31:05 +0000  copying file ./btn_map_locate_hl@2x.png ... 
2018-07-12 07:31:05 +0000  1743 bytes for ./btn_map_locate_hl@2x.png
2018-07-12 07:31:05 +0000  copying file ./SGQRCodeFlashlightCloseImage@3x.png ... 
2018-07-12 07:31:05 +0000  16987 bytes for ./SGQRCodeFlashlightCloseImage@3x.png
copying file ./VECTlogol3@3x.png ... 
2018-07-12 07:31:05 +0000  25784 bytes for ./VECTlogol3@3x.png
copying file ./VECT-51.png ... 
2018-07-12 07:31:05 +0000  781 bytes for ./VECT-51.png
2018-07-12 07:31:05 +0000  copying file ./VECTcat.png ... 
2018-07-12 07:31:05 +0000  198 bytes for ./VECTcat.png
2018-07-12 07:31:05 +0000  copying file ./WechatIMGd3.png ... 
2018-07-12 07:31:05 +0000  10215 bytes for ./WechatIMGd3.png
copying file ./AppIcon29x29@3x.png ... 
2018-07-12 07:31:05 +0000  22202 bytes for ./AppIcon29x29@3x.png
copying file ./VECTpasswo.png ... 
2018-07-12 07:31:05 +0000  748 bytes for ./VECTpasswo.png
2018-07-12 07:31:05 +0000  copying file ./VECT-53.png ... 
2018-07-12 07:31:05 +0000  3290 bytes for ./VECT-53.png
2018-07-12 07:31:05 +0000  copying file ./VECTphone.png ... 
2018-07-12 07:31:05 +0000  461 bytes for ./VECTphone.png
2018-07-12 07:31:05 +0000  copying file ./VersionUpdate_Icon@2x.png ... 
2018-07-12 07:31:05 +0000  15245 bytes for ./VersionUpdate_Icon@2x.png
2018-07-12 07:31:05 +0000  copying file ./VECTerweima.png ... 
168 bytes for ./VECTerweima.png
copying file ./AppIcon60x60@3x.png ... 
2018-07-12 07:31:05 +0000  25985 bytes for ./AppIcon60x60@3x.png
2018-07-12 07:31:05 +0000  copying file ./VECTfound1@3x.png ... 
2018-07-12 07:31:05 +0000  2067 bytes for ./VECTfound1@3x.png
2018-07-12 07:31:05 +0000  copying file ./Base.lproj/Main.storyboardc/UIViewController-BYZ-38-t0r.nib ... 
2018-07-12 07:31:05 +0000  916 bytes for ./Base.lproj/Main.storyboardc/UIViewController-BYZ-38-t0r.nib
2018-07-12 07:31:05 +0000  copying file ./Base.lproj/Main.storyboardc/BYZ-38-t0r-view-8bC-Xf-vdC.nib ... 
2018-07-12 07:31:05 +0000  1985 bytes for ./Base.lproj/Main.storyboardc/BYZ-38-t0r-view-8bC-Xf-vdC.nib
2018-07-12 07:31:05 +0000  copying file ./Base.lproj/Main.storyboardc/Info.plist ... 
2018-07-12 07:31:05 +0000  258 bytes for ./Base.lproj/Main.storyboardc/Info.plist
2018-07-12 07:31:05 +0000  copying file ./Base.lproj/LaunchScreen.storyboardc/01J-lp-oVM-view-Ze5-6b-2t3.nib ... 
2018-07-12 07:31:05 +0000  1984 bytes for ./Base.lproj/LaunchScreen.storyboardc/01J-lp-oVM-view-Ze5-6b-2t3.nib
2018-07-12 07:31:05 +0000  copying file ./Base.lproj/LaunchScreen.storyboardc/UIViewController-01J-lp-oVM.nib ... 
2018-07-12 07:31:05 +0000  832 bytes for ./Base.lproj/LaunchScreen.storyboardc/UIViewController-01J-lp-oVM.nib
2018-07-12 07:31:05 +0000  copying file ./Base.lproj/LaunchScreen.storyboardc/Info.plist ... 
2018-07-12 07:31:05 +0000  258 bytes for ./Base.lproj/LaunchScreen.storyboardc/Info.plist
2018-07-12 07:31:05 +0000  copying file ./VECTurl.png ... 
2018-07-12 07:31:05 +0000  634 bytes for ./VECTurl.png
copying file ./VECT-52.png ... 
2018-07-12 07:31:05 +0000  913 bytes for ./VECT-52.png
copying file ./WechatIMG16.png ... 
2018-07-12 07:31:05 +0000  23750 bytes for ./WechatIMG16.png
copying file ./set.png ... 
2018-07-12 07:31:05 +0000  612 bytes for ./set.png
copying file ./VECTpasswo@3x.png ... 
2018-07-12 07:31:05 +0000  4988 bytes for ./VECTpasswo@3x.png
copying file ./VersionUpdate_Cancel@3x.png ... 
2018-07-12 07:31:05 +0000  2474 bytes for ./VersionUpdate_Cancel@3x.png
copying file ./scanning.png ... 
2018-07-12 07:31:05 +0000  417 bytes for ./scanning.png
copying file ./VECTfound1.png ... 
2018-07-12 07:31:05 +0000  661 bytes for ./VECTfound1.png
2018-07-12 07:31:05 +0000  copying file ./VECTkeyde.png ... 
2018-07-12 07:31:05 +0000  482 bytes for ./VECTkeyde.png
2018-07-12 07:31:05 +0000  copying file ./VECTregulardetail.png ... 
2018-07-12 07:31:05 +0000  464 bytes for ./VECTregulardetail.png
copying file ./todress@3x.png ... 
2018-07-12 07:31:05 +0000  7880 bytes for ./todress@3x.png
2018-07-12 07:31:05 +0000  copying file ./VECTyc.png ... 
2018-07-12 07:31:05 +0000  482 bytes for ./VECTyc.png
2018-07-12 07:31:05 +0000  copying file ./WechatIMG15.png ... 
2018-07-12 07:31:05 +0000  24223 bytes for ./WechatIMG15.png
2018-07-12 07:31:05 +0000  copying file ./VersionUpdate_Icon.png ... 
2018-07-12 07:31:05 +0000  13190 bytes for ./VersionUpdate_Icon.png
2018-07-12 07:31:05 +0000  copying file ./VECTtuichu.png ... 
923 bytes for ./VECTtuichu.png
copying file ./VECTpeople.png ... 
721 bytes for ./VECTpeople.png
copying file ./btn_map_locate_hl.png ... 
2018-07-12 07:31:05 +0000  2192 bytes for ./btn_map_locate_hl.png
copying file ./Assets.car ... 
2018-07-12 07:31:05 +0000  118056 bytes for ./Assets.car
2018-07-12 07:31:05 +0000  copying file ./VECTlogol.png ... 
1994 bytes for ./VECTlogol.png
copying file ./WechatIMG14.png ... 
2018-07-12 07:31:05 +0000  27616 bytes for ./WechatIMG14.png
2018-07-12 07:31:05 +0000  copying file ./VECTbag@2x.png ... 
2018-07-12 07:31:05 +0000  3877 bytes for ./VECTbag@2x.png
2018-07-12 07:31:05 +0000  copying file ./LaunchImage-800-Portrait-736h@3x.png ... 
2018-07-12 07:31:05 +0000  808349 bytes for ./LaunchImage-800-Portrait-736h@3x.png
2018-07-12 07:31:05 +0000  copying file ./VECTbag@3x.png ... 
2018-07-12 07:31:05 +0000  25573 bytes for ./VECTbag@3x.png
2018-07-12 07:31:05 +0000  copying file ./SGQRCodeFlashlightOpenImage.png ... 
2018-07-12 07:31:05 +0000  3397 bytes for ./SGQRCodeFlashlightOpenImage.png
copying file ./VECTbluecap.png ... 
2018-07-12 07:31:05 +0000  1000 bytes for ./VECTbluecap.png
2018-07-12 07:31:05 +0000  copying file ./LaunchImage-700@2x.png ... 
2018-07-12 07:31:05 +0000  292476 bytes for ./LaunchImage-700@2x.png
2018-07-12 07:31:05 +0000  copying file ./VECTearningsdetail.png ... 
702 bytes for ./VECTearningsdetail.png
copying file ./VECTregular.png ... 
2018-07-12 07:31:05 +0000  917 bytes for ./VECTregular.png
2018-07-12 07:31:05 +0000  copying file ./todress@2x.png ... 
2018-07-12 07:31:05 +0000  4492 bytes for ./todress@2x.png
2018-07-12 07:31:05 +0000  copying file ./LaunchImage-700-568h@2x.png ... 
2018-07-12 07:31:05 +0000  316570 bytes for ./LaunchImage-700-568h@2x.png
copying file ./VersionUpdate_Cancel@2x.png ... 
2018-07-12 07:31:05 +0000  1735 bytes for ./VersionUpdate_Cancel@2x.png
2018-07-12 07:31:05 +0000  copying file ./VECTpasswo@2x.png ... 
439 bytes for ./VECTpasswo@2x.png
copying file ./VECT-04@2x.png ... 
560 bytes for ./VECT-04@2x.png
copying file ./VECT-28.png ... 
2018-07-12 07:31:05 +0000  155 bytes for ./VECT-28.png
2018-07-12 07:31:05 +0000  copying file ./VECTnameph@3x.png ... 
2018-07-12 07:31:05 +0000  4954 bytes for ./VECTnameph@3x.png
2018-07-12 07:31:05 +0000  copying file ./VECT-06@3x.png ... 
2018-07-12 07:31:05 +0000  1693 bytes for ./VECT-06@3x.png
2018-07-12 07:31:05 +0000  copying file ./VECToutput.png ... 
2018-07-12 07:31:05 +0000  1039 bytes for ./VECToutput.png
2018-07-12 07:31:05 +0000  copying file ./VECTemail.png ... 
2018-07-12 07:31:05 +0000  438 bytes for ./VECTemail.png
copying file ./VECTthawdetail.png ... 
2018-07-12 07:31:05 +0000  767 bytes for ./VECTthawdetail.png
2018-07-12 07:31:05 +0000  copying file ./VECTyaoshi.jpg ... 
2018-07-12 07:31:05 +0000  31709 bytes for ./VECTyaoshi.jpg
2018-07-12 07:31:05 +0000  copying file ./VECTshenfen.png ... 
2018-07-12 07:31:05 +0000  371 bytes for ./VECTshenfen.png
copying file ./embedded.mobileprovision ... 
2018-07-12 07:31:05 +0000  7614 bytes for ./embedded.mobileprovision
2018-07-12 07:31:05 +0000  copying file ./VECT-06.png ... 
2018-07-12 07:31:05 +0000  596 bytes for ./VECT-06.png
2018-07-12 07:31:05 +0000  copying file ./VECTpfs.png ... 
2018-07-12 07:31:05 +0000  13026 bytes for ./VECTpfs.png
2018-07-12 07:31:05 +0000  copying file ./vextdsa.jpg ... 
2018-07-12 07:31:05 +0000  101930 bytes for ./vextdsa.jpg
2018-07-12 07:31:05 +0000  copying file ./vectfs.jpg ... 
2018-07-12 07:31:05 +0000  70645 bytes for ./vectfs.jpg
2018-07-12 07:31:05 +0000  copying file ./Info.plist ... 
2018-07-12 07:31:05 +0000  2237 bytes for ./Info.plist
2018-07-12 07:31:05 +0000  copying file ./VECT-05.png ... 
2018-07-12 07:31:05 +0000  353 bytes for ./VECT-05.png
2018-07-12 07:31:05 +0000  copying file ./VECTearnings.png ... 
2018-07-12 07:31:05 +0000  1049 bytes for ./VECTearnings.png
copying file ./VECTnameph.png ... 
2018-07-12 07:31:05 +0000  697 bytes for ./VECTnameph.png
2018-07-12 07:31:05 +0000  copying file ./VECT-06@2x.png ... 
2018-07-12 07:31:05 +0000  1208 bytes for ./VECT-06@2x.png
copying file ./PkgInfo ... 
2018-07-12 07:31:05 +0000  8 bytes for ./PkgInfo
2018-07-12 07:31:05 +0000  copying file ./VECTnameph@2x.png ... 
2018-07-12 07:31:05 +0000  610 bytes for ./VECTnameph@2x.png
copying file ./VECT-04@3x.png ... 
2018-07-12 07:31:05 +0000  720 bytes for ./VECT-04@3x.png
copying file ./VECT-04.png ... 
469 bytes for ./VECT-04.png
2018-07-12 07:31:05 +0000  2018-07-12 07:31:05 +0000  

2018-07-12 07:31:05 +0000  /usr/bin/ditto exited with 0
2018-07-12 07:31:05 +0000  
2018-07-12 07:31:05 +0000  
2018-07-12 07:31:05 +0000  Processing step: IDEDistributionEmbedProfileStep
2018-07-12 07:31:05 +0000  Processing step: IDEDistributionItemRemovalStep
2018-07-12 07:31:05 +0000  Processing step: IDEDistributionAppThinningPlistStep
2018-07-12 07:31:05 +0000  Skipping step: IDEDistributionAppThinningPlistStep because it said so
2018-07-12 07:31:05 +0000  Processing step: IDEDistributionCompileBitcodeStep
2018-07-12 07:31:05 +0000  Skipping step: IDEDistributionCompileBitcodeStep because it said so
2018-07-12 07:31:05 +0000  Processing step: IDEDistributionCodeSlimmingStep
2018-07-12 07:31:05 +0000  Processing step: IDEDistributionCopyBCSymbolMapsStep
2018-07-12 07:31:05 +0000  Processing step: IDEDistributionSymbolsStep
2018-07-12 07:31:05 +0000  Processing symbols for VECT.app
2018-07-12 07:31:05 +0000  Running /usr/bin/rsync '-8aPhhE' '/var/folders/gk/tn2kprkx0yzc5z3frdzqt7gc0000gn/T/XcodeDistPipeline.8qF/Root/Payload/VECT.app' '--link-dest' '/var/folders/gk/tn2kprkx0yzc5z3frdzqt7gc0000gn/T/XcodeDistPipeline.8qF/Root/Payload' '/var/folders/gk/tn2kprkx0yzc5z3frdzqt7gc0000gn/T/XcodeDistPipeline.8qF'
2018-07-12 07:31:06 +0000  building file list ... 
2018-07-12 07:31:06 +0000   0 files...2018-07-12 07:31:06 +0000   100 files...2018-07-12 07:31:06 +0000  163 files to consider
2018-07-12 07:31:06 +0000  VECT.app/
2018-07-12 07:31:06 +0000  VECT.app/Base.lproj/
VECT.app/Base.lproj/LaunchScreen.storyboardc/
VECT.app/Base.lproj/Main.storyboardc/
VECT.app/GT3Captcha.bundle/
VECT.app/GT3Captcha.bundle/en.lproj/
VECT.app/GT3Captcha.bundle/id.lproj/
VECT.app/GT3Captcha.bundle/ja.lproj/
VECT.app/GT3Captcha.bundle/zh-Hans.lproj/
VECT.app/GT3Captcha.bundle/zh-Hant.lproj/
VECT.app/LCProgressHUD.bundle/
VECT.app/MJRefresh.bundle/
VECT.app/MJRefresh.bundle/en.lproj/
VECT.app/MJRefresh.bundle/zh-Hans.lproj/
VECT.app/MJRefresh.bundle/zh-Hant.lproj/
VECT.app/SGQRCode.bundle/
VECT.app/SGQRCode.bundle/en.lproj/
VECT.app/_CodeSignature/
2018-07-12 07:31:06 +0000  
sent 4.73K bytes  received 128 bytes  9.70K bytes/sec
2018-07-12 07:31:06 +0000  
2018-07-12 07:31:06 +0000  total size is 7.35M  speedup is 1550.80
2018-07-12 07:31:06 +0000  
2018-07-12 07:31:06 +0000  
2018-07-12 07:31:06 +0000  
2018-07-12 07:31:06 +0000  
2018-07-12 07:31:06 +0000  
2018-07-12 07:31:06 +0000  2018-07-12 07:31:06 +0000  

2018-07-12 07:31:06 +0000  2018-07-12 07:31:06 +0000  /usr/bin/rsync exited with 0

2018-07-12 07:31:06 +0000  
2018-07-12 07:31:06 +0000  
2018-07-12 07:31:06 +0000  Running /usr/bin/rsync '-8aPhhE' '/Users/fangmo/Library/Developer/Xcode/Archives/2018-07-12/VECT 2018-7-12 下午3.30.xcarchive/dSYMs/' '--link-dest' '/Users/fangmo/Library/Developer/Xcode/Archives/2018-07-12/VECT 2018-7-12 下午3.30.xcarchive/dSYMs/' '/var/folders/gk/tn2kprkx0yzc5z3frdzqt7gc0000gn/T/XcodeDistPipeline.8qF'
2018-07-12 07:31:06 +0000  building file list ... 
2018-07-12 07:31:06 +0000   0 files...2018-07-12 07:31:06 +0000  7 files to consider
2018-07-12 07:31:06 +0000  ./
2018-07-12 07:31:06 +0000  VECT.app.dSYM/
VECT.app.dSYM/Contents/
VECT.app.dSYM/Contents/Resources/
VECT.app.dSYM/Contents/Resources/DWARF/
2018-07-12 07:31:06 +0000  
sent 229 bytes  received 50 bytes  558.00 bytes/sec
total size is 8.34M  speedup is 31357.51
2018-07-12 07:31:06 +0000  
2018-07-12 07:31:06 +0000  
2018-07-12 07:31:06 +0000  
2018-07-12 07:31:06 +0000  
2018-07-12 07:31:06 +0000  
2018-07-12 07:31:06 +0000  
2018-07-12 07:31:06 +0000  
2018-07-12 07:31:06 +0000  
2018-07-12 07:31:06 +0000  
2018-07-12 07:31:06 +0000  
2018-07-12 07:31:06 +0000  2018-07-12 07:31:06 +0000  /usr/bin/rsync exited with 0
2018-07-12 07:31:06 +0000  

2018-07-12 07:31:06 +0000  Running /Applications/Xcode.app/Contents/Developer/usr/bin/symbols '-noTextInSOD' '-noDaemon' '-arch' 'all' '-symbolsPackageDir' '/var/folders/gk/tn2kprkx0yzc5z3frdzqt7gc0000gn/T/XcodeDistPipeline.8qF/Symbols' '/var/folders/gk/tn2kprkx0yzc5z3frdzqt7gc0000gn/T/XcodeDistPipeline.8qF/VECT.app.dSYM/Contents/Resources/Dwarf/VECT'
2018-07-12 07:31:06 +0000  /var/folders/gk/tn2kprkx0yzc5z3frdzqt7gc0000gn/T/XcodeDistPipeline.8qF/VECT.app.dSYM/Contents/Resources/Dwarf/VECT [armv7, 0.276961 seconds]:
/var/folders/gk/tn2kprkx0yzc5z3frdzqt7gc0000gn/T/XcodeDistPipeline.8qF/VECT.app.dSYM/Contents/Resources/Dwarf/VECT [arm64, 0.276961 seconds]:
2018-07-12 07:31:06 +0000  2018-07-12 07:31:06 +0000  

2018-07-12 07:31:06 +0000  /Applications/Xcode.app/Contents/Developer/usr/bin/symbols exited with 0
2018-07-12 07:31:06 +0000  2018-07-12 07:31:06 +0000  

2018-07-12 07:31:06 +0000  Processing step: IDEDistributionCopyAppleProvidedContentStep
2018-07-12 07:31:06 +0000  Processing step: IDEDistributionAppThinningStep
2018-07-12 07:31:06 +0000  Skipping step: IDEDistributionAppThinningStep because it said so
2018-07-12 07:31:06 +0000  Processing step: IDEDistributionODRStep
2018-07-12 07:31:06 +0000  Processing step: IDEDistributionStripXattrsStep
2018-07-12 07:31:06 +0000  Running /usr/bin/xattr '-crs' '/var/folders/gk/tn2kprkx0yzc5z3frdzqt7gc0000gn/T/XcodeDistPipeline.8qF/Root/Payload/VECT.app'
2018-07-12 07:31:07 +0000  
2018-07-12 07:31:07 +0000  2018-07-12 07:31:07 +0000  /usr/bin/xattr exited with 0

2018-07-12 07:31:07 +0000  2018-07-12 07:31:07 +0000  

2018-07-12 07:31:07 +0000  Processing step: IDEDistributionCodesignStep
2018-07-12 07:31:07 +0000  Entitlements for <IDEDistributionItem: 0x7fa340a99200 'com.fangmo.Vect' '<DVTFilePath:0x7fa342103f00:'/Users/fangmo/Library/Developer/Xcode/Archives/2018-07-12/VECT 2018-7-12 下午3.30.xcarchive/Products/Applications/VECT.app'>'>: {
    "application-identifier" = "FS8QJJUWM7.com.fangmo.Vect";
    "beta-reports-active" = 1;
    "com.apple.developer.team-identifier" = FS8QJJUWM7;
    "get-task-allow" = 0;
    "keychain-access-groups" =     (
        "FS8QJJUWM7.com.fangmo.Vect"
    );
}
2018-07-12 07:31:07 +0000  Writing entitlements for <IDEDistributionItem: 0x7fa340a99200 'com.fangmo.Vect' '<DVTFilePath:0x7fa342103f00:'/Users/fangmo/Library/Developer/Xcode/Archives/2018-07-12/VECT 2018-7-12 下午3.30.xcarchive/Products/Applications/VECT.app'>'> to: /var/folders/gk/tn2kprkx0yzc5z3frdzqt7gc0000gn/T/XcodeDistPipeline.8qF/entitlementss8S3bc
2018-07-12 07:31:07 +0000  Running /usr/bin/codesign '-vvv' '--force' '--sign' 'E65C2EDD133247698F28F129627A45529E9B01D0' '--preserve-metadata=identifier,flags' '--entitlements' '/var/folders/gk/tn2kprkx0yzc5z3frdzqt7gc0000gn/T/XcodeDistPipeline.8qF/entitlementss8S3bc' '/var/folders/gk/tn2kprkx0yzc5z3frdzqt7gc0000gn/T/XcodeDistPipeline.8qF/Root/Payload/VECT.app'
2018-07-12 07:31:07 +0000  /var/folders/gk/tn2kprkx0yzc5z3frdzqt7gc0000gn/T/XcodeDistPipeline.8qF/Root/Payload/VECT.app: replacing existing signature
2018-07-12 07:31:07 +0000  /var/folders/gk/tn2kprkx0yzc5z3frdzqt7gc0000gn/T/XcodeDistPipeline.8qF/Root/Payload/VECT.app: signed app bundle with Mach-O universal (armv7 arm64) [com.fangmo.Vect]
2018-07-12 07:31:07 +0000  2018-07-12 07:31:07 +0000  

2018-07-12 07:31:07 +0000  
2018-07-12 07:31:07 +0000  
2018-07-12 07:31:07 +0000  /usr/bin/codesign exited with 0
2018-07-12 07:31:07 +0000  2018-07-12 07:31:07 +0000  

2018-07-12 07:31:07 +0000  Processing step: IDEDistributionStreamingZipItemStep
2018-07-12 07:31:07 +0000  Skipping step: IDEDistributionStreamingZipItemStep because it said so
2018-07-12 07:31:07 +0000  Processing step: IDEDistributionCreateIPAStep
2018-07-12 07:31:07 +0000  Running /usr/bin/rsync '-8aPhhE' '/var/folders/gk/tn2kprkx0yzc5z3frdzqt7gc0000gn/T/XcodeDistPipeline.8qF/Symbols' '--link-dest' '/var/folders/gk/tn2kprkx0yzc5z3frdzqt7gc0000gn/T/XcodeDistPipeline.8qF' '/var/folders/gk/tn2kprkx0yzc5z3frdzqt7gc0000gn/T/XcodeDistPipeline.8qF/Root'
2018-07-12 07:31:07 +0000  building file list ... 
2018-07-12 07:31:07 +0000   0 files...2018-07-12 07:31:07 +0000  3 files to consider
2018-07-12 07:31:07 +0000  Symbols/
2018-07-12 07:31:07 +0000  
sent 195 bytes  received 26 bytes  442.00 bytes/sec
total size is 4.70M  speedup is 22290.71
2018-07-12 07:31:07 +0000  
2018-07-12 07:31:07 +0000  
2018-07-12 07:31:07 +0000  
2018-07-12 07:31:07 +0000  
2018-07-12 07:31:07 +0000  
2018-07-12 07:31:07 +0000  
2018-07-12 07:31:07 +0000  2018-07-12 07:31:07 +0000  2018-07-12 07:31:07 +0000  /usr/bin/rsync exited with 0


2018-07-12 07:31:07 +0000  Running /usr/bin/ditto '-V' '-c' '-k' '--norsrc' '/var/folders/gk/tn2kprkx0yzc5z3frdzqt7gc0000gn/T/XcodeDistPipeline.8qF/Root' '/var/folders/gk/tn2kprkx0yzc5z3frdzqt7gc0000gn/T/XcodeDistPipeline.8qF/Packages/VECT.ipa'
2018-07-12 07:31:07 +0000  >>> Copying /var/folders/gk/tn2kprkx0yzc5z3frdzqt7gc0000gn/T/XcodeDistPipeline.8qF/Root 
2018-07-12 07:31:07 +0000  copying file ./Payload/VECT.app/_CodeSignature/CodeResources ... 
2018-07-12 07:31:07 +0000  45936 bytes for ./Payload/VECT.app/_CodeSignature/CodeResources
copying file ./Payload/VECT.app/VECTbag.png ... 
2018-07-12 07:31:07 +0000  6678 bytes for ./Payload/VECT.app/VECTbag.png
2018-07-12 07:31:07 +0000  copying file ./Payload/VECT.app/WechatIMGd3@3x.png ... 
2018-07-12 07:31:07 +0000  72639 bytes for ./Payload/VECT.app/WechatIMGd3@3x.png
2018-07-12 07:31:07 +0000  copying file ./Payload/VECT.app/SGQRCodeFlashlightCloseImage.png ... 
4434 bytes for ./Payload/VECT.app/SGQRCodeFlashlightCloseImage.png
copying file ./Payload/VECT.app/VECTlogol3.png ... 
3239 bytes for ./Payload/VECT.app/VECTlogol3.png
copying file ./Payload/VECT.app/LaunchImage-1100-Portrait-2436h@3x.png ... 
2018-07-12 07:31:07 +0000  787991 bytes for ./Payload/VECT.app/LaunchImage-1100-Portrait-2436h@3x.png
2018-07-12 07:31:07 +0000  copying file ./Payload/VECT.app/VECTinput.png ... 
1076 bytes for ./Payload/VECT.app/VECTinput.png
copying file ./Payload/VECT.app/set@2x.png ... 
2018-07-12 07:31:07 +0000  1235 bytes for ./Payload/VECT.app/set@2x.png
2018-07-12 07:31:07 +0000  copying file ./Payload/VECT.app/LCProgressHUD.bundle/hud_success@2x.png ... 
2018-07-12 07:31:07 +0000  1030 bytes for ./Payload/VECT.app/LCProgressHUD.bundle/hud_success@2x.png
copying file ./Payload/VECT.app/LCProgressHUD.bundle/hud_error.png ... 
2018-07-12 07:31:07 +0000  616 bytes for ./Payload/VECT.app/LCProgressHUD.bundle/hud_error.png
copying file ./Payload/VECT.app/LCProgressHUD.bundle/hud_success.png ... 
2018-07-12 07:31:07 +0000  569 bytes for ./Payload/VECT.app/LCProgressHUD.bundle/hud_success.png
copying file ./Payload/VECT.app/LCProgressHUD.bundle/hud_info.png ... 
2018-07-12 07:31:07 +0000  571 bytes for ./Payload/VECT.app/LCProgressHUD.bundle/hud_info.png
copying file ./Payload/VECT.app/LCProgressHUD.bundle/hud_info@2x.png ... 
2018-07-12 07:31:07 +0000  1061 bytes for ./Payload/VECT.app/LCProgressHUD.bundle/hud_info@2x.png
2018-07-12 07:31:07 +0000  copying file ./Payload/VECT.app/LCProgressHUD.bundle/hud_error@2x.png ... 
2018-07-12 07:31:07 +0000  1087 bytes for ./Payload/VECT.app/LCProgressHUD.bundle/hud_error@2x.png
copying file ./Payload/VECT.app/AppIcon20x20@2x.png ... 
2018-07-12 07:31:07 +0000  19763 bytes for ./Payload/VECT.app/AppIcon20x20@2x.png
2018-07-12 07:31:07 +0000  copying file ./Payload/VECT.app/scanning@2x.png ... 
626 bytes for ./Payload/VECT.app/scanning@2x.png
2018-07-12 07:31:07 +0000  copying file ./Payload/VECT.app/VECTqw.jpg ... 
2018-07-12 07:31:07 +0000  24704 bytes for ./Payload/VECT.app/VECTqw.jpg
2018-07-12 07:31:07 +0000  copying file ./Payload/VECT.app/VECTsuo.png ... 
750 bytes for ./Payload/VECT.app/VECTsuo.png
copying file ./Payload/VECT.app/SGQRCode.bundle/sound.caf ... 
2018-07-12 07:31:07 +0000  129556 bytes for ./Payload/VECT.app/SGQRCode.bundle/sound.caf
2018-07-12 07:31:07 +0000  copying file ./Payload/VECT.app/SGQRCode.bundle/en.lproj/Root.strings ... 
546 bytes for ./Payload/VECT.app/SGQRCode.bundle/en.lproj/Root.strings
copying file ./Payload/VECT.app/SGQRCode.bundle/Root.plist ... 
1456 bytes for ./Payload/VECT.app/SGQRCode.bundle/Root.plist
copying file ./Payload/VECT.app/SGQRCode.bundle/QRCodeScanningLine@3x.png ... 
3891 bytes for ./Payload/VECT.app/SGQRCode.bundle/QRCodeScanningLine@3x.png
copying file ./Payload/VECT.app/SGQRCode.bundle/QRCodeScanningLine@2x.png ... 
2018-07-12 07:31:07 +0000  2231 bytes for ./Payload/VECT.app/SGQRCode.bundle/QRCodeScanningLine@2x.png
copying file ./Payload/VECT.app/VECT-50-1.png ... 
2018-07-12 07:31:07 +0000  792 bytes for ./Payload/VECT.app/VECT-50-1.png
2018-07-12 07:31:07 +0000  copying file ./Payload/VECT.app/AppIcon20x20@3x.png ... 
2018-07-12 07:31:07 +0000  20673 bytes for ./Payload/VECT.app/AppIcon20x20@3x.png
2018-07-12 07:31:07 +0000  copying file ./Payload/VECT.app/scanning@3x.png ... 
2018-07-12 07:31:07 +0000  800 bytes for ./Payload/VECT.app/scanning@3x.png
copying file ./Payload/VECT.app/set@3x.png ... 
2018-07-12 07:31:07 +0000  1850 bytes for ./Payload/VECT.app/set@3x.png
2018-07-12 07:31:07 +0000  copying file ./Payload/VECT.app/dropdownMenu_cornerIcon.png ... 
2018-07-12 07:31:07 +0000  464 bytes for ./Payload/VECT.app/dropdownMenu_cornerIcon.png
copying file ./Payload/VECT.app/VersionUpdate_Cancel.png ... 
2018-07-12 07:31:07 +0000  1142 bytes for ./Payload/VECT.app/VersionUpdate_Cancel.png
2018-07-12 07:31:07 +0000  copying file ./Payload/VECT.app/WechatIMGd3@2x.png ... 
2018-07-12 07:31:07 +0000  39333 bytes for ./Payload/VECT.app/WechatIMGd3@2x.png
2018-07-12 07:31:07 +0000  copying file ./Payload/VECT.app/VECTthaw.png ... 
1050 bytes for ./Payload/VECT.app/VECTthaw.png
copying file ./Payload/VECT.app/GT3Captcha.bundle/zh-Hans.lproj/GT3Captcha.strings ... 
379 bytes for ./Payload/VECT.app/GT3Captcha.bundle/zh-Hans.lproj/GT3Captcha.strings
copying file ./Payload/VECT.app/GT3Captcha.bundle/ja.lproj/GT3Captcha.strings ... 
666 bytes for ./Payload/VECT.app/GT3Captcha.bundle/ja.lproj/GT3Captcha.strings
copying file ./Payload/VECT.app/GT3Captcha.bundle/en.lproj/GT3Captcha.strings ... 
2018-07-12 07:31:07 +0000  776 bytes for ./Payload/VECT.app/GT3Captcha.bundle/en.lproj/GT3Captcha.strings
copying file ./Payload/VECT.app/GT3Captcha.bundle/resource.js ... 
2018-07-12 07:31:07 +0000  41368 bytes for ./Payload/VECT.app/GT3Captcha.bundle/resource.js
2018-07-12 07:31:07 +0000  copying file ./Payload/VECT.app/GT3Captcha.bundle/zh-Hant.lproj/GT3Captcha.strings ... 
631 bytes for ./Payload/VECT.app/GT3Captcha.bundle/zh-Hant.lproj/GT3Captcha.strings
copying file ./Payload/VECT.app/GT3Captcha.bundle/Assets.car ... 
23192 bytes for ./Payload/VECT.app/GT3Captcha.bundle/Assets.car
copying file ./Payload/VECT.app/GT3Captcha.bundle/id.lproj/GT3Captcha.strings ... 
665 bytes for ./Payload/VECT.app/GT3Captcha.bundle/id.lproj/GT3Captcha.strings
2018-07-12 07:31:07 +0000  copying file ./Payload/VECT.app/GT3Captcha.bundle/Info.plist ... 
2018-07-12 07:31:07 +0000  818 bytes for ./Payload/VECT.app/GT3Captcha.bundle/Info.plist
copying file ./Payload/VECT.app/VECT ... 
2018-07-12 07:31:07 +0000  3757440 bytes for ./Payload/VECT.app/VECT
2018-07-12 07:31:07 +0000  copying file ./Payload/VECT.app/MJRefresh.bundle/zh-Hans.lproj/Localizable.strings ... 
1194 bytes for ./Payload/VECT.app/MJRefresh.bundle/zh-Hans.lproj/Localizable.strings
copying file ./Payload/VECT.app/MJRefresh.bundle/en.lproj/Localizable.strings ... 
1372 bytes for ./Payload/VECT.app/MJRefresh.bundle/en.lproj/Localizable.strings
copying file ./Payload/VECT.app/MJRefresh.bundle/arrow@2x.png ... 
2018-07-12 07:31:07 +0000  1033 bytes for ./Payload/VECT.app/MJRefresh.bundle/arrow@2x.png
copying file ./Payload/VECT.app/MJRefresh.bundle/zh-Hant.lproj/Localizable.strings ... 
2018-07-12 07:31:07 +0000  773 bytes for ./Payload/VECT.app/MJRefresh.bundle/zh-Hant.lproj/Localizable.strings
2018-07-12 07:31:07 +0000  copying file ./Payload/VECT.app/VECTmy.jpg ... 
2018-07-12 07:31:07 +0000  49962 bytes for ./Payload/VECT.app/VECTmy.jpg
2018-07-12 07:31:07 +0000  copying file ./Payload/VECT.app/map_locate_blue@2x.png ... 
2617 bytes for ./Payload/VECT.app/map_locate_blue@2x.png
copying file ./Payload/VECT.app/AppIcon60x60@2x.png ... 
23795 bytes for ./Payload/VECT.app/AppIcon60x60@2x.png
copying file ./Payload/VECT.app/VECTfound1@2x.png ... 
2018-07-12 07:31:07 +0000  1399 bytes for ./Payload/VECT.app/VECTfound1@2x.png
copying file ./Payload/VECT.app/VersionUpdate_Icon@3x.png ... 
2018-07-12 07:31:07 +0000  24082 bytes for ./Payload/VECT.app/VersionUpdate_Icon@3x.png
2018-07-12 07:31:07 +0000  copying file ./Payload/VECT.app/VECTnowinput.png ... 
3023 bytes for ./Payload/VECT.app/VECTnowinput.png
copying file ./Payload/VECT.app/VECThuangsuo.png ... 
750 bytes for ./Payload/VECT.app/VECThuangsuo.png
copying file ./Payload/VECT.app/AppIcon29x29@2x.png ... 
2018-07-12 07:31:07 +0000  20550 bytes for ./Payload/VECT.app/AppIcon29x29@2x.png
copying file ./Payload/VECT.app/WechatIMG20.png ... 
2018-07-12 07:31:07 +0000  931 bytes for ./Payload/VECT.app/WechatIMG20.png
copying file ./Payload/VECT.app/VECTcap.png ... 
2018-07-12 07:31:07 +0000  927 bytes for ./Payload/VECT.app/VECTcap.png
copying file ./Payload/VECT.app/VECTlogol3@2x.png ... 
2018-07-12 07:31:07 +0000  8586 bytes for ./Payload/VECT.app/VECTlogol3@2x.png
2018-07-12 07:31:07 +0000  copying file ./Payload/VECT.app/SGQRCodeFlashlightCloseImage@2x.png ... 
2018-07-12 07:31:07 +0000  6858 bytes for ./Payload/VECT.app/SGQRCodeFlashlightCloseImage@2x.png
2018-07-12 07:31:07 +0000  copying file ./Payload/VECT.app/dropdownMenu_cornerIcon@3x.png ... 
2018-07-12 07:31:07 +0000  1139 bytes for ./Payload/VECT.app/dropdownMenu_cornerIcon@3x.png
copying file ./Payload/VECT.app/VECTliangye.png ... 
2018-07-12 07:31:07 +0000  1406 bytes for ./Payload/VECT.app/VECTliangye.png
2018-07-12 07:31:07 +0000  copying file ./Payload/VECT.app/LaunchImage-800-667h@2x.png ... 
2018-07-12 07:31:07 +0000  402497 bytes for ./Payload/VECT.app/LaunchImage-800-667h@2x.png
2018-07-12 07:31:07 +0000  copying file ./Payload/VECT.app/VECT-05@2x.png ... 
472 bytes for ./Payload/VECT.app/VECT-05@2x.png
copying file ./Payload/VECT.app/AppIcon40x40@3x.png ... 
2018-07-12 07:31:07 +0000  23795 bytes for ./Payload/VECT.app/AppIcon40x40@3x.png
copying file ./Payload/VECT.app/SGQRCodeFlashlightOpenImage@3x.png ... 
2018-07-12 07:31:07 +0000  23220 bytes for ./Payload/VECT.app/SGQRCodeFlashlightOpenImage@3x.png
2018-07-12 07:31:07 +0000  copying file ./Payload/VECT.app/todress.png ... 
1343 bytes for ./Payload/VECT.app/todress.png
copying file ./Payload/VECT.app/WechatIMG19.png ... 
822 bytes for ./Payload/VECT.app/WechatIMG19.png
copying file ./Payload/VECT.app/SGQRCodeFlashlightOpenImage@2x.png ... 
5310 bytes for ./Payload/VECT.app/SGQRCodeFlashlightOpenImage@2x.png
copying file ./Payload/VECT.app/VECToudetail.png ... 
547 bytes for ./Payload/VECT.app/VECToudetail.png
copying file ./Payload/VECT.app/VECT-05@3x.png ... 
590 bytes for ./Payload/VECT.app/VECT-05@3x.png
copying file ./Payload/VECT.app/AppIcon40x40@2x.png ... 
2018-07-12 07:31:07 +0000  21944 bytes for ./Payload/VECT.app/AppIcon40x40@2x.png
2018-07-12 07:31:07 +0000  copying file ./Payload/VECT.app/dropdownMenu_cornerIcon@2x.png ... 
518 bytes for ./Payload/VECT.app/dropdownMenu_cornerIcon@2x.png
copying file ./Payload/VECT.app/VECTindetail.png ... 
582 bytes for ./Payload/VECT.app/VECTindetail.png
copying file ./Payload/VECT.app/btn_map_locate_hl@2x.png ... 
1743 bytes for ./Payload/VECT.app/btn_map_locate_hl@2x.png
copying file ./Payload/VECT.app/SGQRCodeFlashlightCloseImage@3x.png ... 
2018-07-12 07:31:07 +0000  16987 bytes for ./Payload/VECT.app/SGQRCodeFlashlightCloseImage@3x.png
copying file ./Payload/VECT.app/VECTlogol3@3x.png ... 
2018-07-12 07:31:07 +0000  25784 bytes for ./Payload/VECT.app/VECTlogol3@3x.png
2018-07-12 07:31:07 +0000  copying file ./Payload/VECT.app/VECT-51.png ... 
781 bytes for ./Payload/VECT.app/VECT-51.png
copying file ./Payload/VECT.app/VECTcat.png ... 
198 bytes for ./Payload/VECT.app/VECTcat.png
copying file ./Payload/VECT.app/WechatIMGd3.png ... 
10215 bytes for ./Payload/VECT.app/WechatIMGd3.png
copying file ./Payload/VECT.app/AppIcon29x29@3x.png ... 
2018-07-12 07:31:07 +0000  22202 bytes for ./Payload/VECT.app/AppIcon29x29@3x.png
copying file ./Payload/VECT.app/VECTpasswo.png ... 
2018-07-12 07:31:07 +0000  748 bytes for ./Payload/VECT.app/VECTpasswo.png
2018-07-12 07:31:07 +0000  copying file ./Payload/VECT.app/VECT-53.png ... 
2018-07-12 07:31:07 +0000  3290 bytes for ./Payload/VECT.app/VECT-53.png
copying file ./Payload/VECT.app/VECTphone.png ... 
2018-07-12 07:31:07 +0000  461 bytes for ./Payload/VECT.app/VECTphone.png
copying file ./Payload/VECT.app/VersionUpdate_Icon@2x.png ... 
2018-07-12 07:31:07 +0000  15245 bytes for ./Payload/VECT.app/VersionUpdate_Icon@2x.png
2018-07-12 07:31:07 +0000  copying file ./Payload/VECT.app/VECTerweima.png ... 
168 bytes for ./Payload/VECT.app/VECTerweima.png
copying file ./Payload/VECT.app/AppIcon60x60@3x.png ... 
25985 bytes for ./Payload/VECT.app/AppIcon60x60@3x.png
copying file ./Payload/VECT.app/VECTfound1@3x.png ... 
2067 bytes for ./Payload/VECT.app/VECTfound1@3x.png
copying file ./Payload/VECT.app/Base.lproj/Main.storyboardc/UIViewController-BYZ-38-t0r.nib ... 
2018-07-12 07:31:07 +0000  916 bytes for ./Payload/VECT.app/Base.lproj/Main.storyboardc/UIViewController-BYZ-38-t0r.nib
copying file ./Payload/VECT.app/Base.lproj/Main.storyboardc/BYZ-38-t0r-view-8bC-Xf-vdC.nib ... 
2018-07-12 07:31:07 +0000  1985 bytes for ./Payload/VECT.app/Base.lproj/Main.storyboardc/BYZ-38-t0r-view-8bC-Xf-vdC.nib
2018-07-12 07:31:07 +0000  copying file ./Payload/VECT.app/Base.lproj/Main.storyboardc/Info.plist ... 
258 bytes for ./Payload/VECT.app/Base.lproj/Main.storyboardc/Info.plist
2018-07-12 07:31:07 +0000  copying file ./Payload/VECT.app/Base.lproj/LaunchScreen.storyboardc/01J-lp-oVM-view-Ze5-6b-2t3.nib ... 
2018-07-12 07:31:07 +0000  1984 bytes for ./Payload/VECT.app/Base.lproj/LaunchScreen.storyboardc/01J-lp-oVM-view-Ze5-6b-2t3.nib
2018-07-12 07:31:07 +0000  copying file ./Payload/VECT.app/Base.lproj/LaunchScreen.storyboardc/UIViewController-01J-lp-oVM.nib ... 
2018-07-12 07:31:07 +0000  832 bytes for ./Payload/VECT.app/Base.lproj/LaunchScreen.storyboardc/UIViewController-01J-lp-oVM.nib
copying file ./Payload/VECT.app/Base.lproj/LaunchScreen.storyboardc/Info.plist ... 
2018-07-12 07:31:07 +0000  258 bytes for ./Payload/VECT.app/Base.lproj/LaunchScreen.storyboardc/Info.plist
2018-07-12 07:31:07 +0000  copying file ./Payload/VECT.app/VECTurl.png ... 
2018-07-12 07:31:07 +0000  634 bytes for ./Payload/VECT.app/VECTurl.png
2018-07-12 07:31:07 +0000  copying file ./Payload/VECT.app/VECT-52.png ... 
2018-07-12 07:31:07 +0000  913 bytes for ./Payload/VECT.app/VECT-52.png
copying file ./Payload/VECT.app/WechatIMG16.png ... 
2018-07-12 07:31:07 +0000  23750 bytes for ./Payload/VECT.app/WechatIMG16.png
2018-07-12 07:31:07 +0000  copying file ./Payload/VECT.app/set.png ... 
612 bytes for ./Payload/VECT.app/set.png
copying file ./Payload/VECT.app/VECTpasswo@3x.png ... 
4988 bytes for ./Payload/VECT.app/VECTpasswo@3x.png
copying file ./Payload/VECT.app/VersionUpdate_Cancel@3x.png ... 
2018-07-12 07:31:07 +0000  2474 bytes for ./Payload/VECT.app/VersionUpdate_Cancel@3x.png
copying file ./Payload/VECT.app/scanning.png ... 
2018-07-12 07:31:07 +0000  417 bytes for ./Payload/VECT.app/scanning.png
copying file ./Payload/VECT.app/VECTfound1.png ... 
2018-07-12 07:31:07 +0000  661 bytes for ./Payload/VECT.app/VECTfound1.png
2018-07-12 07:31:07 +0000  copying file ./Payload/VECT.app/VECTkeyde.png ... 
2018-07-12 07:31:07 +0000  482 bytes for ./Payload/VECT.app/VECTkeyde.png
copying file ./Payload/VECT.app/VECTregulardetail.png ... 
2018-07-12 07:31:07 +0000  464 bytes for ./Payload/VECT.app/VECTregulardetail.png
copying file ./Payload/VECT.app/todress@3x.png ... 
2018-07-12 07:31:07 +0000  7880 bytes for ./Payload/VECT.app/todress@3x.png
2018-07-12 07:31:07 +0000  copying file ./Payload/VECT.app/VECTyc.png ... 
482 bytes for ./Payload/VECT.app/VECTyc.png
2018-07-12 07:31:07 +0000  copying file ./Payload/VECT.app/WechatIMG15.png ... 
2018-07-12 07:31:07 +0000  24223 bytes for ./Payload/VECT.app/WechatIMG15.png
2018-07-12 07:31:07 +0000  copying file ./Payload/VECT.app/VersionUpdate_Icon.png ... 
13190 bytes for ./Payload/VECT.app/VersionUpdate_Icon.png
copying file ./Payload/VECT.app/VECTtuichu.png ... 
923 bytes for ./Payload/VECT.app/VECTtuichu.png
copying file ./Payload/VECT.app/VECTpeople.png ... 
721 bytes for ./Payload/VECT.app/VECTpeople.png
copying file ./Payload/VECT.app/btn_map_locate_hl.png ... 
2018-07-12 07:31:07 +0000  2192 bytes for ./Payload/VECT.app/btn_map_locate_hl.png
copying file ./Payload/VECT.app/Assets.car ... 
2018-07-12 07:31:07 +0000  118056 bytes for ./Payload/VECT.app/Assets.car
2018-07-12 07:31:07 +0000  copying file ./Payload/VECT.app/VECTlogol.png ... 
1994 bytes for ./Payload/VECT.app/VECTlogol.png
copying file ./Payload/VECT.app/WechatIMG14.png ... 
2018-07-12 07:31:07 +0000  27616 bytes for ./Payload/VECT.app/WechatIMG14.png
2018-07-12 07:31:07 +0000  copying file ./Payload/VECT.app/VECTbag@2x.png ... 
2018-07-12 07:31:07 +0000  3877 bytes for ./Payload/VECT.app/VECTbag@2x.png
copying file ./Payload/VECT.app/LaunchImage-800-Portrait-736h@3x.png ... 
2018-07-12 07:31:07 +0000  808349 bytes for ./Payload/VECT.app/LaunchImage-800-Portrait-736h@3x.png
2018-07-12 07:31:07 +0000  copying file ./Payload/VECT.app/VECTbag@3x.png ... 
2018-07-12 07:31:07 +0000  25573 bytes for ./Payload/VECT.app/VECTbag@3x.png
2018-07-12 07:31:07 +0000  copying file ./Payload/VECT.app/SGQRCodeFlashlightOpenImage.png ... 
3397 bytes for ./Payload/VECT.app/SGQRCodeFlashlightOpenImage.png
copying file ./Payload/VECT.app/VECTbluecap.png ... 
1000 bytes for ./Payload/VECT.app/VECTbluecap.png
copying file ./Payload/VECT.app/LaunchImage-700@2x.png ... 
2018-07-12 07:31:07 +0000  292476 bytes for ./Payload/VECT.app/LaunchImage-700@2x.png
2018-07-12 07:31:07 +0000  copying file ./Payload/VECT.app/VECTearningsdetail.png ... 
702 bytes for ./Payload/VECT.app/VECTearningsdetail.png
copying file ./Payload/VECT.app/VECTregular.png ... 
917 bytes for ./Payload/VECT.app/VECTregular.png
copying file ./Payload/VECT.app/todress@2x.png ... 
4492 bytes for ./Payload/VECT.app/todress@2x.png
copying file ./Payload/VECT.app/LaunchImage-700-568h@2x.png ... 
2018-07-12 07:31:07 +0000  316570 bytes for ./Payload/VECT.app/LaunchImage-700-568h@2x.png
2018-07-12 07:31:07 +0000  copying file ./Payload/VECT.app/VersionUpdate_Cancel@2x.png ... 
1735 bytes for ./Payload/VECT.app/VersionUpdate_Cancel@2x.png
copying file ./Payload/VECT.app/VECTpasswo@2x.png ... 
439 bytes for ./Payload/VECT.app/VECTpasswo@2x.png
copying file ./Payload/VECT.app/VECT-04@2x.png ... 
560 bytes for ./Payload/VECT.app/VECT-04@2x.png
copying file ./Payload/VECT.app/VECT-28.png ... 
155 bytes for ./Payload/VECT.app/VECT-28.png
copying file ./Payload/VECT.app/VECTnameph@3x.png ... 
2018-07-12 07:31:07 +0000  4954 bytes for ./Payload/VECT.app/VECTnameph@3x.png
copying file ./Payload/VECT.app/VECT-06@3x.png ... 
2018-07-12 07:31:07 +0000  1693 bytes for ./Payload/VECT.app/VECT-06@3x.png
2018-07-12 07:31:07 +0000  copying file ./Payload/VECT.app/VECToutput.png ... 
2018-07-12 07:31:07 +0000  1039 bytes for ./Payload/VECT.app/VECToutput.png
copying file ./Payload/VECT.app/VECTemail.png ... 
2018-07-12 07:31:07 +0000  438 bytes for ./Payload/VECT.app/VECTemail.png
copying file ./Payload/VECT.app/VECTthawdetail.png ... 
2018-07-12 07:31:07 +0000  767 bytes for ./Payload/VECT.app/VECTthawdetail.png
2018-07-12 07:31:07 +0000  copying file ./Payload/VECT.app/VECTyaoshi.jpg ... 
2018-07-12 07:31:07 +0000  31709 bytes for ./Payload/VECT.app/VECTyaoshi.jpg
2018-07-12 07:31:07 +0000  copying file ./Payload/VECT.app/VECTshenfen.png ... 
371 bytes for ./Payload/VECT.app/VECTshenfen.png
copying file ./Payload/VECT.app/embedded.mobileprovision ... 
7589 bytes for ./Payload/VECT.app/embedded.mobileprovision
copying file ./Payload/VECT.app/VECT-06.png ... 
596 bytes for ./Payload/VECT.app/VECT-06.png
copying file ./Payload/VECT.app/VECTpfs.png ... 
2018-07-12 07:31:07 +0000  13026 bytes for ./Payload/VECT.app/VECTpfs.png
copying file ./Payload/VECT.app/vextdsa.jpg ... 
2018-07-12 07:31:07 +0000  101930 bytes for ./Payload/VECT.app/vextdsa.jpg
2018-07-12 07:31:07 +0000  copying file ./Payload/VECT.app/vectfs.jpg ... 
2018-07-12 07:31:07 +0000  70645 bytes for ./Payload/VECT.app/vectfs.jpg
2018-07-12 07:31:07 +0000  copying file ./Payload/VECT.app/Info.plist ... 
2237 bytes for ./Payload/VECT.app/Info.plist
copying file ./Payload/VECT.app/VECT-05.png ... 
353 bytes for ./Payload/VECT.app/VECT-05.png
copying file ./Payload/VECT.app/VECTearnings.png ... 
2018-07-12 07:31:07 +0000  1049 bytes for ./Payload/VECT.app/VECTearnings.png
copying file ./Payload/VECT.app/VECTnameph.png ... 
2018-07-12 07:31:07 +0000  697 bytes for ./Payload/VECT.app/VECTnameph.png
copying file ./Payload/VECT.app/VECT-06@2x.png ... 
2018-07-12 07:31:07 +0000  1208 bytes for ./Payload/VECT.app/VECT-06@2x.png
2018-07-12 07:31:07 +0000  copying file ./Payload/VECT.app/PkgInfo ... 
8 bytes for ./Payload/VECT.app/PkgInfo
2018-07-12 07:31:07 +0000  copying file ./Payload/VECT.app/VECTnameph@2x.png ... 
2018-07-12 07:31:07 +0000  610 bytes for ./Payload/VECT.app/VECTnameph@2x.png
copying file ./Payload/VECT.app/VECT-04@3x.png ... 
2018-07-12 07:31:07 +0000  720 bytes for ./Payload/VECT.app/VECT-04@3x.png
copying file ./Payload/VECT.app/VECT-04.png ... 
2018-07-12 07:31:07 +0000  469 bytes for ./Payload/VECT.app/VECT-04.png
2018-07-12 07:31:07 +0000  copying file ./Symbols/3FF4AE2C-EB85-3176-A13F-6CBF0DE501F9.symbols ... 
2018-07-12 07:31:08 +0000  2085504 bytes for ./Symbols/3FF4AE2C-EB85-3176-A13F-6CBF0DE501F9.symbols
2018-07-12 07:31:08 +0000  copying file ./Symbols/E0EAA707-BF38-3600-8F1B-3642D64123A0.symbols ... 
2018-07-12 07:31:08 +0000  2840744 bytes for ./Symbols/E0EAA707-BF38-3600-8F1B-3642D64123A0.symbols
2018-07-12 07:31:08 +0000  2018-07-12 07:31:08 +0000  

2018-07-12 07:31:08 +0000  /usr/bin/ditto exited with 0
2018-07-12 07:31:08 +0000  2018-07-12 07:31:08 +0000  

2018-07-12 07:31:08 +0000  Processing step: IDEDistributionCreateManifestStep
2018-07-12 07:31:08 +0000  Skipping step: IDEDistributionCreateManifestStep because it said so
